<testsuites id="" name="" tests="1" failures="1" skipped="0" errors="0" time="60.580073000000006">
<testsuite name="model-training.spec.js" timestamp="2025-11-12T07:40:06.332Z" hostname="chromium" tests="1" failures="1" skipped="0" time="53.549" errors="0">
<testcase name="🧠 Full model training workflow: login, navigate, upload, start training" classname="model-training.spec.js" time="53.549">
<failure message="model-training.spec.js:8:5 🧠 Full model training workflow: login, navigate, upload, start training" type="FAILURE">
<![CDATA[  [chromium] › model-training.spec.js:8:5 › 🧠 Full model training workflow: login, navigate, upload, start training 

    Error: page.goto: net::ERR_CONNECTION_TIMED_OUT at https://ocr.techsavanna.technology/login
    Call log:
      - navigating to "https://ocr.techsavanna.technology/login", waiting until "load"


      12 |   // === STEP 1: LOGIN ===
      13 |   await logStep("🌐 Navigating to login page...");
    > 14 |   await page.goto('https://ocr.techsavanna.technology/login');
         |              ^
      15 |   await page.waitForLoadState('domcontentloaded');
      16 |
      17 |   await logStep("🔐 Logging in as reviewer...");
        at C:\Users\walte\playwright-ocr\tests\model-training.spec.js:14:14

    attachment #1: screenshot (image/png) ──────────────────────────────────────────────────────────
    ..\test-results\model-training-🧠-Full-mod-8eeb4-igate-upload-start-training-chromium\test-failed-1.png
    ────────────────────────────────────────────────────────────────────────────────────────────────

    attachment #2: video (video/webm) ──────────────────────────────────────────────────────────────
    ..\test-results\model-training-🧠-Full-mod-8eeb4-igate-upload-start-training-chromium\video.webm
    ────────────────────────────────────────────────────────────────────────────────────────────────

    Error Context: ..\test-results\model-training-🧠-Full-mod-8eeb4-igate-upload-start-training-chromium\error-context.md

    attachment #4: trace (application/zip) ─────────────────────────────────────────────────────────
    ..\test-results\model-training-🧠-Full-mod-8eeb4-igate-upload-start-training-chromium\trace.zip
    Usage:

        npx playwright show-trace ..\test-results\model-training-🧠-Full-mod-8eeb4-igate-upload-start-training-chromium\trace.zip

    ────────────────────────────────────────────────────────────────────────────────────────────────

    Retry #1 ───────────────────────────────────────────────────────────────────────────────────────

    Error: page.goto: net::ERR_CONNECTION_TIMED_OUT at https://ocr.techsavanna.technology/login
    Call log:
      - navigating to "https://ocr.techsavanna.technology/login", waiting until "load"


      12 |   // === STEP 1: LOGIN ===
      13 |   await logStep("🌐 Navigating to login page...");
    > 14 |   await page.goto('https://ocr.techsavanna.technology/login');
         |              ^
      15 |   await page.waitForLoadState('domcontentloaded');
      16 |
      17 |   await logStep("🔐 Logging in as reviewer...");
        at C:\Users\walte\playwright-ocr\tests\model-training.spec.js:14:14

    attachment #1: screenshot (image/png) ──────────────────────────────────────────────────────────
    ..\test-results\model-training-🧠-Full-mod-8eeb4-igate-upload-start-training-chromium-retry1\test-failed-1.png
    ────────────────────────────────────────────────────────────────────────────────────────────────

    attachment #2: video (video/webm) ──────────────────────────────────────────────────────────────
    ..\test-results\model-training-🧠-Full-mod-8eeb4-igate-upload-start-training-chromium-retry1\video.webm
    ────────────────────────────────────────────────────────────────────────────────────────────────

    Error Context: ..\test-results\model-training-🧠-Full-mod-8eeb4-igate-upload-start-training-chromium-retry1\error-context.md

    attachment #4: trace (application/zip) ─────────────────────────────────────────────────────────
    ..\test-results\model-training-🧠-Full-mod-8eeb4-igate-upload-start-training-chromium-retry1\trace.zip
    Usage:

        npx playwright show-trace ..\test-results\model-training-🧠-Full-mod-8eeb4-igate-upload-start-training-chromium-retry1\trace.zip

    ────────────────────────────────────────────────────────────────────────────────────────────────
]]>
</failure>
<system-out>
<![CDATA[🧭 [] 🌐 Navigating to login page...

[[ATTACHMENT|..\..\test-results\model-training-🧠-Full-mod-8eeb4-igate-upload-start-training-chromium\test-failed-1.png]]

[[ATTACHMENT|..\..\test-results\model-training-🧠-Full-mod-8eeb4-igate-upload-start-training-chromium\video.webm]]

[[ATTACHMENT|..\..\test-results\model-training-🧠-Full-mod-8eeb4-igate-upload-start-training-chromium\error-context.md]]

[[ATTACHMENT|..\..\test-results\model-training-🧠-Full-mod-8eeb4-igate-upload-start-training-chromium\trace.zip]]
🧭 [] 🌐 Navigating to login page...

[[ATTACHMENT|..\..\test-results\model-training-🧠-Full-mod-8eeb4-igate-upload-start-training-chromium-retry1\test-failed-1.png]]

[[ATTACHMENT|..\..\test-results\model-training-🧠-Full-mod-8eeb4-igate-upload-start-training-chromium-retry1\video.webm]]

[[ATTACHMENT|..\..\test-results\model-training-🧠-Full-mod-8eeb4-igate-upload-start-training-chromium-retry1\error-context.md]]

[[ATTACHMENT|..\..\test-results\model-training-🧠-Full-mod-8eeb4-igate-upload-start-training-chromium-retry1\trace.zip]]
]]>
</system-out>
</testcase>
</testsuite>
</testsuites>