<testsuites id="" name="" tests="1" failures="0" skipped="0" errors="0" time="70.266042">
<testsuite name="audit-log.spec.js" timestamp="2025-11-04T19:22:32.177Z" hostname="chromium" tests="1" failures="0" skipped="0" time="64.263" errors="0">
<testcase name="Audit Logs: Export CSV and view details flow" classname="audit-log.spec.js" time="64.263">
<system-out>
<![CDATA[🚀 Navigating to login page...
👤 Entering username...
🔒 Entering password...
🔓 Clicking 'Sign In'...
🕒 Waiting for dashboard to load...
✅ Login successful!
📋 Navigating to 'Audit Logs'...

[[ATTACHMENT|..\..\test-results\audit-log-Audit-Logs-Export-CSV-and-view-details-flow-chromium\test-failed-1.png]]

[[ATTACHMENT|..\..\test-results\audit-log-Audit-Logs-Export-CSV-and-view-details-flow-chromium\video.webm]]

[[ATTACHMENT|..\..\test-results\audit-log-Audit-Logs-Export-CSV-and-view-details-flow-chromium\error-context.md]]

[[ATTACHMENT|..\..\test-results\audit-log-Audit-Logs-Export-CSV-and-view-details-flow-chromium\trace.zip]]
🚀 Navigating to login page...
👤 Entering username...
🔒 Entering password...
🔓 Clicking 'Sign In'...
🕒 Waiting for dashboard to load...
✅ Login successful!
📋 Navigating to 'Audit Logs'...
✅ Audit Logs page loaded.
📦 Opening export format dropdown...
🧾 Selecting CSV format...
✅ CSV format selected.
📤 Clicking 'Export Audit Logs' button...
✅ Export initiated — CSV download should begin shortly.
🔍 Scrolling to audit log entries...
👁️ Clicking 'View details' icon for a log entry...
🪟 Viewing audit log details...
❌ Closing the details view...
✅ Audit log details closed successfully.
🎉 Full export and view flow completed successfully!
]]>
</system-out>
</testcase>
</testsuite>
</testsuites>