<testsuites id="" name="" tests="1" failures="0" skipped="0" errors="0" time="28.65132">
<testsuite name="analytics.spec.js" timestamp="2025-11-07T09:59:46.911Z" hostname="chromium" tests="1" failures="0" skipped="0" time="25.388" errors="0">
<testcase name="📊 Analytics dashboard interaction flow with date filter and chart validation" classname="analytics.spec.js" time="25.388">
<system-out>
<![CDATA[🌐 Navigating to login page...
🔐 Logging in as reviewer...
✅ Login successful — Dashboard loaded!
📊 Navigating to 'Analytics' tab...
✅ Clicked Analytics tab using selector: text=Analytics
✅ Analytics page loaded successfully!
🗓 Clicking on date range section...
✍️ Typing custom Start and End Dates...
✅ Clicking Apply to confirm filter...
🎯 Applied date filter successfully!
❌ Cancelled date selection as expected!
📂 Selecting Document Type from dropdown...
🔽 Dropdown opened...
🏢 'Business Permit' selected successfully!
🧹 Looking for Clear Filter button...
✅ Cleared filter successfully!
🧾 Hovering over report summary cards...
🪶 Hovered over card: Total Documents
🪶 Hovered over card: Success Rate
🪶 Hovered over card: Avg Processing Time
🪶 Hovered over card: Accuracy Rate
📈 Scrolling to Processing Trends chart...
📊 Hovered over 'Processing Trends' chart.
📉 Scrolling to Document Types chart...
📚 Hovered over 'Document Types' chart.
✨ Final slow scroll to bottom for full analytics view...
✅ Analytics dashboard interaction flow completed successfully!
]]>
</system-out>
</testcase>
</testsuite>
</testsuites>