<testsuites id="" name="" tests="1" failures="1" skipped="0" errors="0" time="101.646568">
<testsuite name="user.spec.js" timestamp="2025-11-12T08:35:02.054Z" hostname="chromium" tests="1" failures="1" skipped="0" time="95.9" errors="0">
<testcase name="Full user workflow: create, filter, edit, and delete users" classname="user.spec.js" time="95.9">
<failure message="user.spec.js:7:5 Full user workflow: create, filter, edit, and delete users" type="FAILURE">
<![CDATA[  [chromium] › user.spec.js:7:5 › Full user workflow: create, filter, edit, and delete users ───────

    TimeoutError: page.goto: Timeout 30000ms exceeded.
    Call log:
      - navigating to "https://ocr.techsavanna.technology/login", waiting until "load"


      11 |   // === STEP 1: LOGIN ===
      12 |   await logStep("🌐 Navigating to login page...");
    > 13 |   await page.goto('https://ocr.techsavanna.technology/login');
         |              ^
      14 |   await page.waitForLoadState('domcontentloaded');
      15 |
      16 |   await logStep("🔐 Logging in as reviewer...");
        at C:\Users\walte\playwright-ocr\tests\user.spec.js:13:14

    attachment #1: video (video/webm) ──────────────────────────────────────────────────────────────
    ..\test-results\user-Full-user-workflow-create-filter-edit-and-delete-users-chromium\video.webm
    ────────────────────────────────────────────────────────────────────────────────────────────────

    attachment #2: trace (application/zip) ─────────────────────────────────────────────────────────
    ..\test-results\user-Full-user-workflow-create-filter-edit-and-delete-users-chromium\trace.zip
    Usage:

        npx playwright show-trace ..\test-results\user-Full-user-workflow-create-filter-edit-and-delete-users-chromium\trace.zip

    ────────────────────────────────────────────────────────────────────────────────────────────────

    Retry #1 ───────────────────────────────────────────────────────────────────────────────────────

    TimeoutError: page.goto: Timeout 30000ms exceeded.
    Call log:
      - navigating to "https://ocr.techsavanna.technology/login", waiting until "load"


      11 |   // === STEP 1: LOGIN ===
      12 |   await logStep("🌐 Navigating to login page...");
    > 13 |   await page.goto('https://ocr.techsavanna.technology/login');
         |              ^
      14 |   await page.waitForLoadState('domcontentloaded');
      15 |
      16 |   await logStep("🔐 Logging in as reviewer...");
        at C:\Users\walte\playwright-ocr\tests\user.spec.js:13:14

    attachment #1: video (video/webm) ──────────────────────────────────────────────────────────────
    ..\test-results\user-Full-user-workflow-create-filter-edit-and-delete-users-chromium-retry1\video.webm
    ────────────────────────────────────────────────────────────────────────────────────────────────

    attachment #2: trace (application/zip) ─────────────────────────────────────────────────────────
    ..\test-results\user-Full-user-workflow-create-filter-edit-and-delete-users-chromium-retry1\trace.zip
    Usage:

        npx playwright show-trace ..\test-results\user-Full-user-workflow-create-filter-edit-and-delete-users-chromium-retry1\trace.zip

    ────────────────────────────────────────────────────────────────────────────────────────────────
]]>
</failure>
<system-out>
<![CDATA[🧭 [] 🌐 Navigating to login page...

[[ATTACHMENT|..\..\test-results\user-Full-user-workflow-create-filter-edit-and-delete-users-chromium\video.webm]]

[[ATTACHMENT|..\..\test-results\user-Full-user-workflow-create-filter-edit-and-delete-users-chromium\trace.zip]]
🧭 [] 🌐 Navigating to login page...

[[ATTACHMENT|..\..\test-results\user-Full-user-workflow-create-filter-edit-and-delete-users-chromium-retry1\video.webm]]

[[ATTACHMENT|..\..\test-results\user-Full-user-workflow-create-filter-edit-and-delete-users-chromium-retry1\trace.zip]]
]]>
</system-out>
</testcase>
</testsuite>
</testsuites>