<testsuites id="" name="" tests="1" failures="0" skipped="0" errors="0" time="45.79781">
<testsuite name="analytics.spec.js" timestamp="2025-11-05T09:18:01.901Z" hostname="chromium" tests="1" failures="0" skipped="0" time="41.765" errors="0">
<testcase name="Analytics dashboard interaction flow with date filter" classname="analytics.spec.js" time="41.765">
<system-out>
<![CDATA[ Navigating to login page...
📧 Typing email slowly...
🔒 Typing password slowly...
Clicking Sign In button...
Waiting for success message...
⏳ Waiting for dashboard to load after login...
📊 Navigating to 'Analytics' tab...
✅ Clicked Analytics tab using selector: text=Analytics
✅ Analytics page loaded successfully!
🗓 Clicking on date range section...
📅 Date picker opened!
✍️ Typing custom Start and End Dates...
✅ Clicking Apply to confirm filter...
🎯 Applied date filter successfully!
🌀 Reopened date picker to test Cancel flow...
❌ Cancelled date selection as expected!
📂 Selecting Document Type from dropdown...
🔽 Dropdown opened...
🏢 'Business Permit' selected successfully!
🧹 Looking for Clear Filter button...
✅ Cleared filter successfully!
🧾 Hovering over report summary cards...
🪶 Hovered over card: Total Documents
🪶 Hovered over card: Success Rate
🪶 Hovered over card: Avg Processing Time
🪶 Hovered over card: Accuracy Rate
📈 Scrolling to Processing Trends chart...
📊 Hovered over 'Processing Trends' chart.
📉 Scrolling to Document Types chart...
📚 Hovered over 'Document Types' chart.
✨ Final slow scroll to bottom for full analytics view...
✅ Analytics dashboard interaction flow completed smoothly and human-like!
]]>
</system-out>
</testcase>
</testsuite>
</testsuites>