<testsuites id="" name="" tests="1" failures="0" skipped="0" errors="0" time="40.866332">
<testsuite name="profile.spec.js" timestamp="2025-11-12T07:24:31.990Z" hostname="chromium" tests="1" failures="0" skipped="0" time="37.708" errors="0">
<testcase name="Profile navigation, edit, reset and logout flow" classname="profile.spec.js" time="37.708">
<system-out>
<![CDATA[🧭 [] Navigating to login page...
🧭 [] Logging in as Reviewer...
📧 Typing email...
🔒 Typing password...
🚀 Clicking Sign In...
🧭 [] Waiting for successful login confirmation...
🧭 [] Opening profile dropdown...
🧭 [] Navigating to "Your Profile"...
✅ [] Page loaded and text "Your Profile" is visible.
🧭 [] Updating profile information...
🧭 [] Updating password fields...
🧭 [] Saving profile changes...
👀 [] Element became visible: locator('xpath=(//button[normalize-space()="Save Changes"])[1]')
⚠️ No visible toast detected — proceeding anyway.
✅ Profile changes saved successfully!
🧭 [] Resetting profile form...
✨ [] Click Reset button executed successfully.
✅ Reset button clicked successfully!
]]>
</system-out>
</testcase>
</testsuite>
</testsuites>