<testsuites id="" name="" tests="1" failures="0" skipped="0" errors="0" time="13.501535">
<testsuite name="valid-login.spec.js" timestamp="2025-11-07T09:52:53.510Z" hostname="chromium" tests="1" failures="0" skipped="0" time="10.152" errors="0">
<testcase name="✅ Verify valid login using reviewer credentials" classname="valid-login.spec.js" time="10.152">
<system-out>
<![CDATA[🌐 Navigating to login page...
🔐 Logging in as reviewer...
✅ Login successful!
]]>
</system-out>
</testcase>
</testsuite>
</testsuites>