<testsuites id="" name="" tests="1" failures="0" skipped="0" errors="0" time="22.809819">
<testsuite name="valid-login.spec.js" timestamp="2025-11-04T19:05:22.274Z" hostname="chromium" tests="1" failures="0" skipped="0" time="19.755" errors="0">
<testcase name="Verify valid login with visible typing and success message" classname="valid-login.spec.js" time="19.755">
<system-out>
<![CDATA[ Navigating to login page...
📧 Typing email slowly...
🔒 Typing password slowly...
Clicking Sign In button...
Waiting for success message...
Login test passed!
]]>
</system-out>
</testcase>
</testsuite>
</testsuites>