<testsuites id="" name="" tests="2" failures="1" skipped="1" errors="0" time="75.152382">
<testsuite name="auth.setup.js" timestamp="2025-11-04T18:25:38.837Z" hostname="setup" tests="1" failures="1" skipped="0" time="69.134" errors="0">
<testcase name="authenticate" classname="auth.setup.js" time="69.134">
<failure message="auth.setup.js:7:6 authenticate" type="FAILURE">
<![CDATA[  [setup] â€º auth.setup.js:7:6 â€º authenticate â”€â”€â”€â”€â”€â”€â”€â”€â”€â”€â”€â”€â”€â”€â”€â”€â”€â”€â”€â”€â”€â”€â”€â”€â”€â”€â”€â”€â”€â”€â”€â”€â”€â”€â”€â”€â”€â”€â”€â”€â”€â”€â”€â”€â”€â”€â”€â”€â”€â”€â”€â”€â”€â”€â”€

    TimeoutError: page.waitForURL: Timeout 15000ms exceeded.
    =========================== logs ===========================
    waiting for navigation until "load"
      navigated to "https://ocr.techsavanna.technology/login?identifier=admin%40ocrplatform.com&password=admin123"
    ============================================================

      20 |     console.log('ðŸ” Clicked Sign in... waiting for redirect.');
      21 |
    > 22 |     await page.waitForURL(/(documents|dashboard)/, { timeout: 15000 });
         |                ^
      23 |     console.log('âœ… Login successful!');
      24 |
      25 |     const authDir = path.dirname(authFile);
        at C:\Users\walte\playwright-ocr\tests\auth.setup.js:22:16

    attachment #1: screenshot (image/png) â”€â”€â”€â”€â”€â”€â”€â”€â”€â”€â”€â”€â”€â”€â”€â”€â”€â”€â”€â”€â”€â”€â”€â”€â”€â”€â”€â”€â”€â”€â”€â”€â”€â”€â”€â”€â”€â”€â”€â”€â”€â”€â”€â”€â”€â”€â”€â”€â”€â”€â”€â”€â”€â”€â”€â”€â”€â”€
    ..\test-results\auth.setup.js-authenticate-setup\test-failed-1.png
    â”€â”€â”€â”€â”€â”€â”€â”€â”€â”€â”€â”€â”€â”€â”€â”€â”€â”€â”€â”€â”€â”€â”€â”€â”€â”€â”€â”€â”€â”€â”€â”€â”€â”€â”€â”€â”€â”€â”€â”€â”€â”€â”€â”€â”€â”€â”€â”€â”€â”€â”€â”€â”€â”€â”€â”€â”€â”€â”€â”€â”€â”€â”€â”€â”€â”€â”€â”€â”€â”€â”€â”€â”€â”€â”€â”€â”€â”€â”€â”€â”€â”€â”€â”€â”€â”€â”€â”€â”€â”€â”€â”€â”€â”€â”€â”€

    attachment #2: video (video/webm) â”€â”€â”€â”€â”€â”€â”€â”€â”€â”€â”€â”€â”€â”€â”€â”€â”€â”€â”€â”€â”€â”€â”€â”€â”€â”€â”€â”€â”€â”€â”€â”€â”€â”€â”€â”€â”€â”€â”€â”€â”€â”€â”€â”€â”€â”€â”€â”€â”€â”€â”€â”€â”€â”€â”€â”€â”€â”€â”€â”€â”€â”€
    ..\test-results\auth.setup.js-authenticate-setup\video.webm
    â”€â”€â”€â”€â”€â”€â”€â”€â”€â”€â”€â”€â”€â”€â”€â”€â”€â”€â”€â”€â”€â”€â”€â”€â”€â”€â”€â”€â”€â”€â”€â”€â”€â”€â”€â”€â”€â”€â”€â”€â”€â”€â”€â”€â”€â”€â”€â”€â”€â”€â”€â”€â”€â”€â”€â”€â”€â”€â”€â”€â”€â”€â”€â”€â”€â”€â”€â”€â”€â”€â”€â”€â”€â”€â”€â”€â”€â”€â”€â”€â”€â”€â”€â”€â”€â”€â”€â”€â”€â”€â”€â”€â”€â”€â”€â”€

    Error Context: ..\test-results\auth.setup.js-authenticate-setup\error-context.md

    attachment #4: trace (application/zip) â”€â”€â”€â”€â”€â”€â”€â”€â”€â”€â”€â”€â”€â”€â”€â”€â”€â”€â”€â”€â”€â”€â”€â”€â”€â”€â”€â”€â”€â”€â”€â”€â”€â”€â”€â”€â”€â”€â”€â”€â”€â”€â”€â”€â”€â”€â”€â”€â”€â”€â”€â”€â”€â”€â”€â”€â”€
    ..\test-results\auth.setup.js-authenticate-setup\trace.zip
    Usage:

        npx playwright show-trace ..\test-results\auth.setup.js-authenticate-setup\trace.zip

    â”€â”€â”€â”€â”€â”€â”€â”€â”€â”€â”€â”€â”€â”€â”€â”€â”€â”€â”€â”€â”€â”€â”€â”€â”€â”€â”€â”€â”€â”€â”€â”€â”€â”€â”€â”€â”€â”€â”€â”€â”€â”€â”€â”€â”€â”€â”€â”€â”€â”€â”€â”€â”€â”€â”€â”€â”€â”€â”€â”€â”€â”€â”€â”€â”€â”€â”€â”€â”€â”€â”€â”€â”€â”€â”€â”€â”€â”€â”€â”€â”€â”€â”€â”€â”€â”€â”€â”€â”€â”€â”€â”€â”€â”€â”€â”€

    Retry #1 â”€â”€â”€â”€â”€â”€â”€â”€â”€â”€â”€â”€â”€â”€â”€â”€â”€â”€â”€â”€â”€â”€â”€â”€â”€â”€â”€â”€â”€â”€â”€â”€â”€â”€â”€â”€â”€â”€â”€â”€â”€â”€â”€â”€â”€â”€â”€â”€â”€â”€â”€â”€â”€â”€â”€â”€â”€â”€â”€â”€â”€â”€â”€â”€â”€â”€â”€â”€â”€â”€â”€â”€â”€â”€â”€â”€â”€â”€â”€â”€â”€â”€â”€â”€â”€â”€â”€

    TimeoutError: page.screenshot: Timeout 15000ms exceeded.
    Call log:
      - taking page screenshot
      - waiting for fonts to load...


      30 |   } catch (err) {
      31 |     console.error('âŒ Authentication setup failed:', err.message);
    > 32 |     await page.screenshot({ path: 'test-results/auth-failure.png', fullPage: true });
         |                ^
      33 |     throw err;
      34 |   }
      35 | });
        at C:\Users\walte\playwright-ocr\tests\auth.setup.js:32:16

    attachment #1: video (video/webm) â”€â”€â”€â”€â”€â”€â”€â”€â”€â”€â”€â”€â”€â”€â”€â”€â”€â”€â”€â”€â”€â”€â”€â”€â”€â”€â”€â”€â”€â”€â”€â”€â”€â”€â”€â”€â”€â”€â”€â”€â”€â”€â”€â”€â”€â”€â”€â”€â”€â”€â”€â”€â”€â”€â”€â”€â”€â”€â”€â”€â”€â”€
    ..\test-results\auth.setup.js-authenticate-setup-retry1\video.webm
    â”€â”€â”€â”€â”€â”€â”€â”€â”€â”€â”€â”€â”€â”€â”€â”€â”€â”€â”€â”€â”€â”€â”€â”€â”€â”€â”€â”€â”€â”€â”€â”€â”€â”€â”€â”€â”€â”€â”€â”€â”€â”€â”€â”€â”€â”€â”€â”€â”€â”€â”€â”€â”€â”€â”€â”€â”€â”€â”€â”€â”€â”€â”€â”€â”€â”€â”€â”€â”€â”€â”€â”€â”€â”€â”€â”€â”€â”€â”€â”€â”€â”€â”€â”€â”€â”€â”€â”€â”€â”€â”€â”€â”€â”€â”€â”€

    attachment #2: trace (application/zip) â”€â”€â”€â”€â”€â”€â”€â”€â”€â”€â”€â”€â”€â”€â”€â”€â”€â”€â”€â”€â”€â”€â”€â”€â”€â”€â”€â”€â”€â”€â”€â”€â”€â”€â”€â”€â”€â”€â”€â”€â”€â”€â”€â”€â”€â”€â”€â”€â”€â”€â”€â”€â”€â”€â”€â”€â”€
    ..\test-results\auth.setup.js-authenticate-setup-retry1\trace.zip
    Usage:

        npx playwright show-trace ..\test-results\auth.setup.js-authenticate-setup-retry1\trace.zip

    â”€â”€â”€â”€â”€â”€â”€â”€â”€â”€â”€â”€â”€â”€â”€â”€â”€â”€â”€â”€â”€â”€â”€â”€â”€â”€â”€â”€â”€â”€â”€â”€â”€â”€â”€â”€â”€â”€â”€â”€â”€â”€â”€â”€â”€â”€â”€â”€â”€â”€â”€â”€â”€â”€â”€â”€â”€â”€â”€â”€â”€â”€â”€â”€â”€â”€â”€â”€â”€â”€â”€â”€â”€â”€â”€â”€â”€â”€â”€â”€â”€â”€â”€â”€â”€â”€â”€â”€â”€â”€â”€â”€â”€â”€â”€â”€
]]>
</failure>
<system-out>
<![CDATA[ðŸš€ Starting authentication setup...
ðŸŒ Login page loaded.
ðŸ” Clicked Sign in... waiting for redirect.

[[ATTACHMENT|..\..\test-results\auth.setup.js-authenticate-setup\test-failed-1.png]]

[[ATTACHMENT|..\..\test-results\auth.setup.js-authenticate-setup\video.webm]]

[[ATTACHMENT|..\..\test-results\auth.setup.js-authenticate-setup\error-context.md]]

[[ATTACHMENT|..\..\test-results\auth.setup.js-authenticate-setup\trace.zip]]
ðŸš€ Starting authentication setup...
ðŸŒ Login page loaded.
ðŸ” Clicked Sign in... waiting for redirect.

[[ATTACHMENT|..\..\test-results\auth.setup.js-authenticate-setup-retry1\video.webm]]

[[ATTACHMENT|..\..\test-results\auth.setup.js-authenticate-setup-retry1\trace.zip]]
]]>
</system-out>
<system-err>
<![CDATA[âŒ Authentication setup failed: page.waitForURL: Timeout 15000ms exceeded.
=========================== logs ===========================
waiting for navigation until "load"
  navigated to "https://ocr.techsavanna.technology/login?identifier=admin%40ocrplatform.com&password=admin123"
============================================================
âŒ Authentication setup failed: page.waitForURL: Timeout 15000ms exceeded.
=========================== logs ===========================
waiting for navigation until "load"
============================================================
]]>
</system-err>
</testcase>
</testsuite>
<testsuite name="logout.spec.js" timestamp="2025-11-04T18:25:38.837Z" hostname="chromium" tests="1" failures="0" skipped="1" time="0" errors="0">
<testcase name="Full login and logout flow with visible typing" classname="logout.spec.js" time="0">
<skipped>
</skipped>
</testcase>
</testsuite>
</testsuites>