<testsuites id="" name="" tests="1" failures="1" skipped="0" errors="0" time="96.770857">
<testsuite name="system-config.spec.js" timestamp="2025-11-12T09:07:41.219Z" hostname="chromium" tests="1" failures="1" skipped="0" time="91.003" errors="0">
<testcase name="System Configuration Workflow (Updated UI)" classname="system-config.spec.js" time="91.003">
<failure message="system-config.spec.js:7:5 System Configuration Workflow (Updated UI)" type="FAILURE">
<![CDATA[  [chromium] â€º system-config.spec.js:7:5 â€º System Configuration Workflow (Updated UI) â”€â”€â”€â”€â”€â”€â”€â”€â”€â”€â”€â”€â”€â”€

    TimeoutError: locator.waitFor: Timeout 10000ms exceeded.
    Call log:
      - waiting for locator('xpath=(//input[@id=\'_r_4b_\'])[1]') to be visible


      41 |
      42 |   const maxFileSize = page.locator("(//input[@id='_r_4b_'])[1]");
    > 43 |   await maxFileSize.waitFor({ state: 'visible', timeout: 10000 });
         |                     ^
      44 |   await maxFileSize.fill('52428800');
      45 |   console.log("âœ… Updated maximum file size (MB).");
      46 |
        at C:\Users\walte\playwright-ocr\tests\system-config.spec.js:43:21

    attachment #1: screenshot (image/png) â”€â”€â”€â”€â”€â”€â”€â”€â”€â”€â”€â”€â”€â”€â”€â”€â”€â”€â”€â”€â”€â”€â”€â”€â”€â”€â”€â”€â”€â”€â”€â”€â”€â”€â”€â”€â”€â”€â”€â”€â”€â”€â”€â”€â”€â”€â”€â”€â”€â”€â”€â”€â”€â”€â”€â”€â”€â”€
    ..\test-results\system-config-System-Configuration-Workflow-Updated-UI--chromium\test-failed-1.png
    â”€â”€â”€â”€â”€â”€â”€â”€â”€â”€â”€â”€â”€â”€â”€â”€â”€â”€â”€â”€â”€â”€â”€â”€â”€â”€â”€â”€â”€â”€â”€â”€â”€â”€â”€â”€â”€â”€â”€â”€â”€â”€â”€â”€â”€â”€â”€â”€â”€â”€â”€â”€â”€â”€â”€â”€â”€â”€â”€â”€â”€â”€â”€â”€â”€â”€â”€â”€â”€â”€â”€â”€â”€â”€â”€â”€â”€â”€â”€â”€â”€â”€â”€â”€â”€â”€â”€â”€â”€â”€â”€â”€â”€â”€â”€â”€

    attachment #2: video (video/webm) â”€â”€â”€â”€â”€â”€â”€â”€â”€â”€â”€â”€â”€â”€â”€â”€â”€â”€â”€â”€â”€â”€â”€â”€â”€â”€â”€â”€â”€â”€â”€â”€â”€â”€â”€â”€â”€â”€â”€â”€â”€â”€â”€â”€â”€â”€â”€â”€â”€â”€â”€â”€â”€â”€â”€â”€â”€â”€â”€â”€â”€â”€
    ..\test-results\system-config-System-Configuration-Workflow-Updated-UI--chromium\video.webm
    â”€â”€â”€â”€â”€â”€â”€â”€â”€â”€â”€â”€â”€â”€â”€â”€â”€â”€â”€â”€â”€â”€â”€â”€â”€â”€â”€â”€â”€â”€â”€â”€â”€â”€â”€â”€â”€â”€â”€â”€â”€â”€â”€â”€â”€â”€â”€â”€â”€â”€â”€â”€â”€â”€â”€â”€â”€â”€â”€â”€â”€â”€â”€â”€â”€â”€â”€â”€â”€â”€â”€â”€â”€â”€â”€â”€â”€â”€â”€â”€â”€â”€â”€â”€â”€â”€â”€â”€â”€â”€â”€â”€â”€â”€â”€â”€

    Error Context: ..\test-results\system-config-System-Configuration-Workflow-Updated-UI--chromium\error-context.md

    attachment #4: trace (application/zip) â”€â”€â”€â”€â”€â”€â”€â”€â”€â”€â”€â”€â”€â”€â”€â”€â”€â”€â”€â”€â”€â”€â”€â”€â”€â”€â”€â”€â”€â”€â”€â”€â”€â”€â”€â”€â”€â”€â”€â”€â”€â”€â”€â”€â”€â”€â”€â”€â”€â”€â”€â”€â”€â”€â”€â”€â”€
    ..\test-results\system-config-System-Configuration-Workflow-Updated-UI--chromium\trace.zip
    Usage:

        npx playwright show-trace ..\test-results\system-config-System-Configuration-Workflow-Updated-UI--chromium\trace.zip

    â”€â”€â”€â”€â”€â”€â”€â”€â”€â”€â”€â”€â”€â”€â”€â”€â”€â”€â”€â”€â”€â”€â”€â”€â”€â”€â”€â”€â”€â”€â”€â”€â”€â”€â”€â”€â”€â”€â”€â”€â”€â”€â”€â”€â”€â”€â”€â”€â”€â”€â”€â”€â”€â”€â”€â”€â”€â”€â”€â”€â”€â”€â”€â”€â”€â”€â”€â”€â”€â”€â”€â”€â”€â”€â”€â”€â”€â”€â”€â”€â”€â”€â”€â”€â”€â”€â”€â”€â”€â”€â”€â”€â”€â”€â”€â”€

    Retry #1 â”€â”€â”€â”€â”€â”€â”€â”€â”€â”€â”€â”€â”€â”€â”€â”€â”€â”€â”€â”€â”€â”€â”€â”€â”€â”€â”€â”€â”€â”€â”€â”€â”€â”€â”€â”€â”€â”€â”€â”€â”€â”€â”€â”€â”€â”€â”€â”€â”€â”€â”€â”€â”€â”€â”€â”€â”€â”€â”€â”€â”€â”€â”€â”€â”€â”€â”€â”€â”€â”€â”€â”€â”€â”€â”€â”€â”€â”€â”€â”€â”€â”€â”€â”€â”€â”€â”€

    TimeoutError: page.goto: Timeout 30000ms exceeded.
    Call log:
      - navigating to "https://ocr.techsavanna.technology/login", waiting until "load"


      10 |
      11 |   console.log("ðŸŒ Navigating to login page...");
    > 12 |   await page.goto('https://ocr.techsavanna.technology/login');
         |              ^
      13 |   await page.waitForLoadState('domcontentloaded');
      14 |
      15 |   console.log("ðŸ” Logging in as reviewer...");
        at C:\Users\walte\playwright-ocr\tests\system-config.spec.js:12:14

    attachment #1: video (video/webm) â”€â”€â”€â”€â”€â”€â”€â”€â”€â”€â”€â”€â”€â”€â”€â”€â”€â”€â”€â”€â”€â”€â”€â”€â”€â”€â”€â”€â”€â”€â”€â”€â”€â”€â”€â”€â”€â”€â”€â”€â”€â”€â”€â”€â”€â”€â”€â”€â”€â”€â”€â”€â”€â”€â”€â”€â”€â”€â”€â”€â”€â”€
    ..\test-results\system-config-System-Configuration-Workflow-Updated-UI--chromium-retry1\video.webm
    â”€â”€â”€â”€â”€â”€â”€â”€â”€â”€â”€â”€â”€â”€â”€â”€â”€â”€â”€â”€â”€â”€â”€â”€â”€â”€â”€â”€â”€â”€â”€â”€â”€â”€â”€â”€â”€â”€â”€â”€â”€â”€â”€â”€â”€â”€â”€â”€â”€â”€â”€â”€â”€â”€â”€â”€â”€â”€â”€â”€â”€â”€â”€â”€â”€â”€â”€â”€â”€â”€â”€â”€â”€â”€â”€â”€â”€â”€â”€â”€â”€â”€â”€â”€â”€â”€â”€â”€â”€â”€â”€â”€â”€â”€â”€â”€

    Error Context: ..\test-results\system-config-System-Configuration-Workflow-Updated-UI--chromium-retry1\error-context.md

    attachment #3: trace (application/zip) â”€â”€â”€â”€â”€â”€â”€â”€â”€â”€â”€â”€â”€â”€â”€â”€â”€â”€â”€â”€â”€â”€â”€â”€â”€â”€â”€â”€â”€â”€â”€â”€â”€â”€â”€â”€â”€â”€â”€â”€â”€â”€â”€â”€â”€â”€â”€â”€â”€â”€â”€â”€â”€â”€â”€â”€â”€
    ..\test-results\system-config-System-Configuration-Workflow-Updated-UI--chromium-retry1\trace.zip
    Usage:

        npx playwright show-trace ..\test-results\system-config-System-Configuration-Workflow-Updated-UI--chromium-retry1\trace.zip

    â”€â”€â”€â”€â”€â”€â”€â”€â”€â”€â”€â”€â”€â”€â”€â”€â”€â”€â”€â”€â”€â”€â”€â”€â”€â”€â”€â”€â”€â”€â”€â”€â”€â”€â”€â”€â”€â”€â”€â”€â”€â”€â”€â”€â”€â”€â”€â”€â”€â”€â”€â”€â”€â”€â”€â”€â”€â”€â”€â”€â”€â”€â”€â”€â”€â”€â”€â”€â”€â”€â”€â”€â”€â”€â”€â”€â”€â”€â”€â”€â”€â”€â”€â”€â”€â”€â”€â”€â”€â”€â”€â”€â”€â”€â”€â”€
]]>
</failure>
<system-out>
<![CDATA[ðŸŒ Navigating to login page...
ðŸ” Logging in as reviewer...
ðŸ“§ Typing email...
ðŸ”’ Typing password...
ðŸš€ Clicking Sign In...
âœ… [] Page loaded and text "Dashboard" is visible.
âœ… Login successful!
âš™ï¸ Navigating to System Config tab...
âœ… System Config page opened.
ðŸ§© Clicking 'Edit Configuration'...
âœ… Edit Configuration mode activated.
ðŸ“‚ Editing File Upload Settings...

[[ATTACHMENT|..\..\test-results\system-config-System-Configuration-Workflow-Updated-UI--chromium\test-failed-1.png]]

[[ATTACHMENT|..\..\test-results\system-config-System-Configuration-Workflow-Updated-UI--chromium\video.webm]]

[[ATTACHMENT|..\..\test-results\system-config-System-Configuration-Workflow-Updated-UI--chromium\error-context.md]]

[[ATTACHMENT|..\..\test-results\system-config-System-Configuration-Workflow-Updated-UI--chromium\trace.zip]]
ðŸŒ Navigating to login page...

[[ATTACHMENT|..\..\test-results\system-config-System-Configuration-Workflow-Updated-UI--chromium-retry1\video.webm]]

[[ATTACHMENT|..\..\test-results\system-config-System-Configuration-Workflow-Updated-UI--chromium-retry1\error-context.md]]

[[ATTACHMENT|..\..\test-results\system-config-System-Configuration-Workflow-Updated-UI--chromium-retry1\trace.zip]]
]]>
</system-out>
</testcase>
</testsuite>
</testsuites>