<testsuites id="" name="" tests="1" failures="1" skipped="0" errors="0" time="52.512612999999995">
<testsuite name="logout.spec.js" timestamp="2025-11-12T06:47:34.114Z" hostname="chromium" tests="1" failures="1" skipped="0" time="46.081" errors="0">
<testcase name="🔐 Full login and logout flow with visible typing" classname="logout.spec.js" time="46.081">
<failure message="logout.spec.js:7:5 🔐 Full login and logout flow with visible typing" type="FAILURE">
<![CDATA[  [chromium] › logout.spec.js:7:5 › 🔐 Full login and logout flow with visible typing ──────────────

    TimeoutError: page.waitForSelector: Timeout 10000ms exceeded.
    Call log:
      - waiting for locator('text=undefined') to be visible


       at utils.js:114

      112 | export async function waitForPageLoad(page, text, testName = "") {
      113 |   await page.waitForLoadState('networkidle');
    > 114 |   await page.waitForSelector(`text=${text}`, { timeout: 10000 });
          |              ^
      115 |   console.log(`✅ [${testName}] Page loaded and text "${text}" is visible.`);
      116 | }
      117 |
        at waitForPageLoad (C:\Users\walte\playwright-ocr\tests\utils.js:114:14)
        at C:\Users\walte\playwright-ocr\tests\logout.spec.js:31:3

    attachment #1: screenshot (image/png) ──────────────────────────────────────────────────────────
    ..\test-results\logout-🔐-Full-login-and-logout-flow-with-visible-typing-chromium\test-failed-1.png
    ────────────────────────────────────────────────────────────────────────────────────────────────

    attachment #2: video (video/webm) ──────────────────────────────────────────────────────────────
    ..\test-results\logout-🔐-Full-login-and-logout-flow-with-visible-typing-chromium\video.webm
    ────────────────────────────────────────────────────────────────────────────────────────────────

    Error Context: ..\test-results\logout-🔐-Full-login-and-logout-flow-with-visible-typing-chromium\error-context.md

    attachment #4: trace (application/zip) ─────────────────────────────────────────────────────────
    ..\test-results\logout-🔐-Full-login-and-logout-flow-with-visible-typing-chromium\trace.zip
    Usage:

        npx playwright show-trace ..\test-results\logout-🔐-Full-login-and-logout-flow-with-visible-typing-chromium\trace.zip

    ────────────────────────────────────────────────────────────────────────────────────────────────

    Retry #1 ───────────────────────────────────────────────────────────────────────────────────────

    TimeoutError: page.waitForSelector: Timeout 10000ms exceeded.
    Call log:
      - waiting for locator('text=undefined') to be visible


       at utils.js:114

      112 | export async function waitForPageLoad(page, text, testName = "") {
      113 |   await page.waitForLoadState('networkidle');
    > 114 |   await page.waitForSelector(`text=${text}`, { timeout: 10000 });
          |              ^
      115 |   console.log(`✅ [${testName}] Page loaded and text "${text}" is visible.`);
      116 | }
      117 |
        at waitForPageLoad (C:\Users\walte\playwright-ocr\tests\utils.js:114:14)
        at C:\Users\walte\playwright-ocr\tests\logout.spec.js:31:3

    attachment #1: screenshot (image/png) ──────────────────────────────────────────────────────────
    ..\test-results\logout-🔐-Full-login-and-logout-flow-with-visible-typing-chromium-retry1\test-failed-1.png
    ────────────────────────────────────────────────────────────────────────────────────────────────

    attachment #2: video (video/webm) ──────────────────────────────────────────────────────────────
    ..\test-results\logout-🔐-Full-login-and-logout-flow-with-visible-typing-chromium-retry1\video.webm
    ────────────────────────────────────────────────────────────────────────────────────────────────

    Error Context: ..\test-results\logout-🔐-Full-login-and-logout-flow-with-visible-typing-chromium-retry1\error-context.md

    attachment #4: trace (application/zip) ─────────────────────────────────────────────────────────
    ..\test-results\logout-🔐-Full-login-and-logout-flow-with-visible-typing-chromium-retry1\trace.zip
    Usage:

        npx playwright show-trace ..\test-results\logout-🔐-Full-login-and-logout-flow-with-visible-typing-chromium-retry1\trace.zip

    ────────────────────────────────────────────────────────────────────────────────────────────────
]]>
</failure>
<system-out>
<![CDATA[🧭  🌐 Navigating to OCR Login Page... (09:47:36)
🧭  📧 Typing email... (09:47:43)
👀 [] Element became visible: locator('xpath=(//input[@id="_R_1lbinpfjrb_"])[1]')
🧭  🔒 Typing password... (09:47:46)
👀 [] Element became visible: locator('xpath=(//input[@id="_R_2lbinpfjrb_"])[1]')
🧭  🧩 Clicking Sign In button... (09:47:48)
👀 [] Element became visible: locator('xpath=(//button[normalize-space()=\'Sign in\'])[1]')
🧭  ⏳ Waiting for Dashboard to load... (09:47:48)

[[ATTACHMENT|..\..\test-results\logout-🔐-Full-login-and-logout-flow-with-visible-typing-chromium\test-failed-1.png]]

[[ATTACHMENT|..\..\test-results\logout-🔐-Full-login-and-logout-flow-with-visible-typing-chromium\video.webm]]

[[ATTACHMENT|..\..\test-results\logout-🔐-Full-login-and-logout-flow-with-visible-typing-chromium\error-context.md]]

[[ATTACHMENT|..\..\test-results\logout-🔐-Full-login-and-logout-flow-with-visible-typing-chromium\trace.zip]]
🧭  🌐 Navigating to OCR Login Page... (09:48:04)
🧭  📧 Typing email... (09:48:08)
👀 [] Element became visible: locator('xpath=(//input[@id="_R_1lbinpfjrb_"])[1]')
🧭  🔒 Typing password... (09:48:10)
👀 [] Element became visible: locator('xpath=(//input[@id="_R_2lbinpfjrb_"])[1]')
🧭  🧩 Clicking Sign In button... (09:48:12)
👀 [] Element became visible: locator('xpath=(//button[normalize-space()=\'Sign in\'])[1]')
🧭  ⏳ Waiting for Dashboard to load... (09:48:13)

[[ATTACHMENT|..\..\test-results\logout-🔐-Full-login-and-logout-flow-with-visible-typing-chromium-retry1\test-failed-1.png]]

[[ATTACHMENT|..\..\test-results\logout-🔐-Full-login-and-logout-flow-with-visible-typing-chromium-retry1\video.webm]]

[[ATTACHMENT|..\..\test-results\logout-🔐-Full-login-and-logout-flow-with-visible-typing-chromium-retry1\error-context.md]]

[[ATTACHMENT|..\..\test-results\logout-🔐-Full-login-and-logout-flow-with-visible-typing-chromium-retry1\trace.zip]]
]]>
</system-out>
</testcase>
</testsuite>
</testsuites>