<testsuites id="" name="" tests="1" failures="0" skipped="0" errors="0" time="18.043871">
<testsuite name="logout.spec.js" timestamp="2025-11-12T06:52:55.117Z" hostname="chromium" tests="1" failures="0" skipped="0" time="14.215" errors="0">
<testcase name="🔐 Full login and logout flow with visible typing" classname="logout.spec.js" time="14.215">
<system-out>
<![CDATA[🧭 [Logout Flow Test] 🌐 Navigating to OCR Login Page...
🧭 [Logout Flow Test] 📧 Typing email...
🧭 [Logout Flow Test] 🔒 Typing password...
🧭 [Logout Flow Test] 🧩 Clicking Sign In button...
🧭 [Logout Flow Test] ⏳ Waiting for Dashboard to load...
✅ [Logout Flow Test] Page loaded and text "Dashboard" is visible.
👀 [Logout Flow Test] Element became visible: locator('text=Dashboard')
🧭 [Logout Flow Test] ✅ Login successful! Dashboard loaded.
🧭 [Logout Flow Test] 👤 Opening profile dropdown...
🧭 [Logout Flow Test] 🚪 Clicking 'Sign out'...
🧭 [Logout Flow Test] ⏳ Waiting for login page to reappear...
👀 [Logout Flow Test] Element became visible: locator('text=Sign in')
🧭 [Logout Flow Test] ✅ Successfully logged out! 🎉
]]>
</system-out>
</testcase>
</testsuite>
</testsuites>