<testsuites id="" name="" tests="1" failures="1" skipped="0" errors="0" time="76.386523">
<testsuite name="user.spec.js" timestamp="2025-11-12T08:36:52.799Z" hostname="chromium" tests="1" failures="1" skipped="0" time="68.039" errors="0">
<testcase name="Full user workflow: create, filter, edit, and delete users" classname="user.spec.js" time="68.039">
<failure message="user.spec.js:7:5 Full user workflow: create, filter, edit, and delete users" type="FAILURE">
<![CDATA[  [chromium] â€º user.spec.js:7:5 â€º Full user workflow: create, filter, edit, and delete users â”€â”€â”€â”€â”€â”€â”€

    Test timeout of 60000ms exceeded.

    Error: locator.click: Test timeout of 60000ms exceeded.
    Call log:
      - waiting for locator('xpath=(//*[name()=\'svg\'][@class=\'MuiSvgIcon-root MuiSvgIcon-fontSizeMedium css-1pqasgp\'])[1]')
        - locator resolved to <svg focusable="false" aria-hidden="true" viewBox="0 0 24 24" data-testid="ExpandMoreIcon" class="MuiSvgIcon-root MuiSvgIcon-fontSizeMedium css-1pqasgp">â€¦</svg>
      - attempting click action
        2 Ã— waiting for element to be visible, enabled and stable
          - element is visible, enabled and stable
          - scrolling into view if needed
          - done scrolling
          - <div tabindex="-1" role="presentation" class="MuiDialog-container MuiDialog-scrollPaper css-8azq84">â€¦</div> from <div role="presentation" class="MuiDialog-root MuiModal-root css-1egf66k">â€¦</div> subtree intercepts pointer events
        - retrying click action
        - waiting 20ms
        2 Ã— waiting for element to be visible, enabled and stable
          - element is visible, enabled and stable
          - scrolling into view if needed
          - done scrolling
          - <div tabindex="-1" role="presentation" class="MuiDialog-container MuiDialog-scrollPaper css-8azq84">â€¦</div> from <div role="presentation" class="MuiDialog-root MuiModal-root css-1egf66k">â€¦</div> subtree intercepts pointer events
        - retrying click action
          - waiting 100ms
        16 Ã— waiting for element to be visible, enabled and stable
           - element is visible, enabled and stable
           - scrolling into view if needed
           - done scrolling
           - <div tabindex="-1" role="presentation" class="MuiDialog-container MuiDialog-scrollPaper css-8azq84">â€¦</div> from <div role="presentation" class="MuiDialog-root MuiModal-root css-1egf66k">â€¦</div> subtree intercepts pointer events
         - retrying click action
           - waiting 500ms
        - waiting for element to be visible, enabled and stable
        - element is visible, enabled and stable
        - scrolling into view if needed


      130 |   const filterDropdown = page.locator("(//*[name()='svg'][@class='MuiSvgIcon-root MuiSvgIcon-fontSizeMedium css-1pqasgp'])[1]");
      131 |   await waitForVisible(filterDropdown, 10000);
    > 132 |   await filterDropdown.click();
          |                        ^
      133 |   console.log("âœ… Filter dropdown opened!");
      134 |
      135 |   // === STEP 8: APPLY ROLE AND STATUS FILTERS ===
        at C:\Users\walte\playwright-ocr\tests\user.spec.js:132:24

    attachment #1: screenshot (image/png) â”€â”€â”€â”€â”€â”€â”€â”€â”€â”€â”€â”€â”€â”€â”€â”€â”€â”€â”€â”€â”€â”€â”€â”€â”€â”€â”€â”€â”€â”€â”€â”€â”€â”€â”€â”€â”€â”€â”€â”€â”€â”€â”€â”€â”€â”€â”€â”€â”€â”€â”€â”€â”€â”€â”€â”€â”€â”€
    ..\test-results\user-Full-user-workflow-create-filter-edit-and-delete-users-chromium\test-failed-1.png
    â”€â”€â”€â”€â”€â”€â”€â”€â”€â”€â”€â”€â”€â”€â”€â”€â”€â”€â”€â”€â”€â”€â”€â”€â”€â”€â”€â”€â”€â”€â”€â”€â”€â”€â”€â”€â”€â”€â”€â”€â”€â”€â”€â”€â”€â”€â”€â”€â”€â”€â”€â”€â”€â”€â”€â”€â”€â”€â”€â”€â”€â”€â”€â”€â”€â”€â”€â”€â”€â”€â”€â”€â”€â”€â”€â”€â”€â”€â”€â”€â”€â”€â”€â”€â”€â”€â”€â”€â”€â”€â”€â”€â”€â”€â”€â”€

    attachment #2: video (video/webm) â”€â”€â”€â”€â”€â”€â”€â”€â”€â”€â”€â”€â”€â”€â”€â”€â”€â”€â”€â”€â”€â”€â”€â”€â”€â”€â”€â”€â”€â”€â”€â”€â”€â”€â”€â”€â”€â”€â”€â”€â”€â”€â”€â”€â”€â”€â”€â”€â”€â”€â”€â”€â”€â”€â”€â”€â”€â”€â”€â”€â”€â”€
    ..\test-results\user-Full-user-workflow-create-filter-edit-and-delete-users-chromium\video.webm
    â”€â”€â”€â”€â”€â”€â”€â”€â”€â”€â”€â”€â”€â”€â”€â”€â”€â”€â”€â”€â”€â”€â”€â”€â”€â”€â”€â”€â”€â”€â”€â”€â”€â”€â”€â”€â”€â”€â”€â”€â”€â”€â”€â”€â”€â”€â”€â”€â”€â”€â”€â”€â”€â”€â”€â”€â”€â”€â”€â”€â”€â”€â”€â”€â”€â”€â”€â”€â”€â”€â”€â”€â”€â”€â”€â”€â”€â”€â”€â”€â”€â”€â”€â”€â”€â”€â”€â”€â”€â”€â”€â”€â”€â”€â”€â”€

    Error Context: ..\test-results\user-Full-user-workflow-create-filter-edit-and-delete-users-chromium\error-context.md

    attachment #4: trace (application/zip) â”€â”€â”€â”€â”€â”€â”€â”€â”€â”€â”€â”€â”€â”€â”€â”€â”€â”€â”€â”€â”€â”€â”€â”€â”€â”€â”€â”€â”€â”€â”€â”€â”€â”€â”€â”€â”€â”€â”€â”€â”€â”€â”€â”€â”€â”€â”€â”€â”€â”€â”€â”€â”€â”€â”€â”€â”€
    ..\test-results\user-Full-user-workflow-create-filter-edit-and-delete-users-chromium\trace.zip
    Usage:

        npx playwright show-trace ..\test-results\user-Full-user-workflow-create-filter-edit-and-delete-users-chromium\trace.zip

    â”€â”€â”€â”€â”€â”€â”€â”€â”€â”€â”€â”€â”€â”€â”€â”€â”€â”€â”€â”€â”€â”€â”€â”€â”€â”€â”€â”€â”€â”€â”€â”€â”€â”€â”€â”€â”€â”€â”€â”€â”€â”€â”€â”€â”€â”€â”€â”€â”€â”€â”€â”€â”€â”€â”€â”€â”€â”€â”€â”€â”€â”€â”€â”€â”€â”€â”€â”€â”€â”€â”€â”€â”€â”€â”€â”€â”€â”€â”€â”€â”€â”€â”€â”€â”€â”€â”€â”€â”€â”€â”€â”€â”€â”€â”€â”€

    Retry #1 â”€â”€â”€â”€â”€â”€â”€â”€â”€â”€â”€â”€â”€â”€â”€â”€â”€â”€â”€â”€â”€â”€â”€â”€â”€â”€â”€â”€â”€â”€â”€â”€â”€â”€â”€â”€â”€â”€â”€â”€â”€â”€â”€â”€â”€â”€â”€â”€â”€â”€â”€â”€â”€â”€â”€â”€â”€â”€â”€â”€â”€â”€â”€â”€â”€â”€â”€â”€â”€â”€â”€â”€â”€â”€â”€â”€â”€â”€â”€â”€â”€â”€â”€â”€â”€â”€â”€

    Error: page.waitForSelector: Target page, context or browser has been closed
    Call log:
      - waiting for locator('text=Dashboard') to be visible


       at utils.js:87

      85 |
      86 |   try {
    > 87 |     await page.waitForSelector(`text=${text}`, { timeout: 10000 });
         |                ^
      88 |     console.log(`âœ… [${testName}] Page loaded and text "${text}" is visible.`);
      89 |   } catch (err) {
      90 |     console.error(`âŒ [${testName}] Could not find text "${text}" within 10s.`);
        at waitForPageLoad (C:\Users\walte\playwright-ocr\tests\utils.js:87:16)
        at C:\Users\walte\playwright-ocr\tests\user.spec.js:19:3

    attachment #1: video (video/webm) â”€â”€â”€â”€â”€â”€â”€â”€â”€â”€â”€â”€â”€â”€â”€â”€â”€â”€â”€â”€â”€â”€â”€â”€â”€â”€â”€â”€â”€â”€â”€â”€â”€â”€â”€â”€â”€â”€â”€â”€â”€â”€â”€â”€â”€â”€â”€â”€â”€â”€â”€â”€â”€â”€â”€â”€â”€â”€â”€â”€â”€â”€
    ..\test-results\user-Full-user-workflow-create-filter-edit-and-delete-users-chromium-retry1\video.webm
    â”€â”€â”€â”€â”€â”€â”€â”€â”€â”€â”€â”€â”€â”€â”€â”€â”€â”€â”€â”€â”€â”€â”€â”€â”€â”€â”€â”€â”€â”€â”€â”€â”€â”€â”€â”€â”€â”€â”€â”€â”€â”€â”€â”€â”€â”€â”€â”€â”€â”€â”€â”€â”€â”€â”€â”€â”€â”€â”€â”€â”€â”€â”€â”€â”€â”€â”€â”€â”€â”€â”€â”€â”€â”€â”€â”€â”€â”€â”€â”€â”€â”€â”€â”€â”€â”€â”€â”€â”€â”€â”€â”€â”€â”€â”€â”€

    attachment #2: trace (application/zip) â”€â”€â”€â”€â”€â”€â”€â”€â”€â”€â”€â”€â”€â”€â”€â”€â”€â”€â”€â”€â”€â”€â”€â”€â”€â”€â”€â”€â”€â”€â”€â”€â”€â”€â”€â”€â”€â”€â”€â”€â”€â”€â”€â”€â”€â”€â”€â”€â”€â”€â”€â”€â”€â”€â”€â”€â”€
    ..\test-results\user-Full-user-workflow-create-filter-edit-and-delete-users-chromium-retry1\trace.zip
    Usage:

        npx playwright show-trace ..\test-results\user-Full-user-workflow-create-filter-edit-and-delete-users-chromium-retry1\trace.zip

    â”€â”€â”€â”€â”€â”€â”€â”€â”€â”€â”€â”€â”€â”€â”€â”€â”€â”€â”€â”€â”€â”€â”€â”€â”€â”€â”€â”€â”€â”€â”€â”€â”€â”€â”€â”€â”€â”€â”€â”€â”€â”€â”€â”€â”€â”€â”€â”€â”€â”€â”€â”€â”€â”€â”€â”€â”€â”€â”€â”€â”€â”€â”€â”€â”€â”€â”€â”€â”€â”€â”€â”€â”€â”€â”€â”€â”€â”€â”€â”€â”€â”€â”€â”€â”€â”€â”€â”€â”€â”€â”€â”€â”€â”€â”€â”€
]]>
</failure>
<system-out>
<![CDATA[ðŸ§­ [] ðŸŒ Navigating to login page...
ðŸ§­ [] ðŸ” Logging in as reviewer...
ðŸ“§ Typing email...
ðŸ”’ Typing password...
ðŸš€ Clicking Sign In...
âœ… [] Page loaded and text "Dashboard" is visible.
âœ… Login successful!
ðŸ§­ [] ðŸ‘¥ Navigating to 'Users' tab...
ðŸ‘€ [] Element became visible: locator('xpath=(//a[normalize-space()=\'Users\'])[1]')
âœ… Users page loaded successfully!
ðŸ§­ [] âž• Clicking 'Add User' button...
ðŸ‘€ [] Element became visible: locator('xpath=(//button[normalize-space()=\'Add User\'])[1]')
âœ… Navigated to 'Create New User' form.
ðŸ§­ [] ðŸ“ Filling new user details...
ðŸ‘€ [] Element became visible: getByPlaceholder('Enter username')
ðŸ‘€ [] Element became visible: getByPlaceholder('Enter email address')
ðŸ‘€ [] Element became visible: getByPlaceholder('Enter username')
ðŸ‘€ [] Element became visible: getByPlaceholder('Enter username')
ðŸ‘€ [] Element became visible: getByPlaceholder('Enter password')
ðŸ§­ [] ðŸ“œ Selecting user role...
ðŸ‘€ [] Element became visible: locator('xpath=(//div[@role=\'combobox\'])[1]')
ðŸ§­ [] Selecting Annotator role...
ðŸ‘€ [] Element became visible: locator('xpath=(//input[@type=\'checkbox\'])[4]')
ðŸ‘€ [] Element became visible: locator('xpath=(//button[normalize-space()=\'Apply\'])[1]')
âœ… Role selected as Annotator.
ðŸ§­ [] ðŸš€ Creating new user...
ðŸ§  Waiting for user creation process to complete...
âœ… User created successfully!
ðŸ§­ [] ðŸŽ› Opening filter dropdown...
ðŸ‘€ [] Element became visible: locator('xpath=(//*[name()=\'svg\'][@class=\'MuiSvgIcon-root MuiSvgIcon-fontSizeMedium css-1pqasgp\'])[1]')

[[ATTACHMENT|..\..\test-results\user-Full-user-workflow-create-filter-edit-and-delete-users-chromium\test-failed-1.png]]

[[ATTACHMENT|..\..\test-results\user-Full-user-workflow-create-filter-edit-and-delete-users-chromium\video.webm]]

[[ATTACHMENT|..\..\test-results\user-Full-user-workflow-create-filter-edit-and-delete-users-chromium\error-context.md]]

[[ATTACHMENT|..\..\test-results\user-Full-user-workflow-create-filter-edit-and-delete-users-chromium\trace.zip]]
ðŸ§­ [] ðŸŒ Navigating to login page...
ðŸ§­ [] ðŸ” Logging in as reviewer...
ðŸ“§ Typing email...
ðŸ”’ Typing password...
ðŸš€ Clicking Sign In...

[[ATTACHMENT|..\..\test-results\user-Full-user-workflow-create-filter-edit-and-delete-users-chromium-retry1\video.webm]]

[[ATTACHMENT|..\..\test-results\user-Full-user-workflow-create-filter-edit-and-delete-users-chromium-retry1\trace.zip]]
]]>
</system-out>
<system-err>
<![CDATA[âŒ [] Could not find text "Dashboard" within 10s.
]]>
</system-err>
</testcase>
</testsuite>
</testsuites>