<testsuites id="" name="" tests="1" failures="1" skipped="0" errors="0" time="118.27071299999999">
<testsuite name="manual-review.spec.js" timestamp="2025-11-08T07:44:56.992Z" hostname="chromium" tests="1" failures="1" skipped="0" time="111.675" errors="0">
<testcase name="ðŸ“‹ Manual Review workflow: navigate, filter, view, edit, approve" classname="manual-review.spec.js" time="111.675">
<failure message="manual-review.spec.js:7:5 ðŸ“‹ Manual Review workflow: navigate, filter, view, edit, approve" type="FAILURE">
<![CDATA[  [chromium] â€º manual-review.spec.js:7:5 â€º ðŸ“‹ Manual Review workflow: navigate, filter, view, edit, approve 

    TimeoutError: locator.selectOption: Timeout 15000ms exceeded.
    Call log:
      - waiting for locator('xpath=(//select[contains(@class,\'focus:ring-primary-500\')])[1]')


      61 |
      62 |   const docTypeDropdown = page.locator("(//select[contains(@class,'focus:ring-primary-500')])[1]");
    > 63 |   await docTypeDropdown.selectOption({ label: 'Business Permit' });
         |                         ^
      64 |   console.log("âœ… Document Type: Business Permit");
      65 |
      66 |   const confidenceDropdown = page.locator("(//select[contains(@class,'focus:ring-primary-500')])[2]");
        at C:\Users\walte\playwright-ocr\tests\manual-review.spec.js:63:25

    attachment #1: screenshot (image/png) â”€â”€â”€â”€â”€â”€â”€â”€â”€â”€â”€â”€â”€â”€â”€â”€â”€â”€â”€â”€â”€â”€â”€â”€â”€â”€â”€â”€â”€â”€â”€â”€â”€â”€â”€â”€â”€â”€â”€â”€â”€â”€â”€â”€â”€â”€â”€â”€â”€â”€â”€â”€â”€â”€â”€â”€â”€â”€
    ..\test-results\manual-review-ðŸ“‹-Manual-Re-15b02-te-filter-view-edit-approve-chromium\test-failed-1.png
    â”€â”€â”€â”€â”€â”€â”€â”€â”€â”€â”€â”€â”€â”€â”€â”€â”€â”€â”€â”€â”€â”€â”€â”€â”€â”€â”€â”€â”€â”€â”€â”€â”€â”€â”€â”€â”€â”€â”€â”€â”€â”€â”€â”€â”€â”€â”€â”€â”€â”€â”€â”€â”€â”€â”€â”€â”€â”€â”€â”€â”€â”€â”€â”€â”€â”€â”€â”€â”€â”€â”€â”€â”€â”€â”€â”€â”€â”€â”€â”€â”€â”€â”€â”€â”€â”€â”€â”€â”€â”€â”€â”€â”€â”€â”€â”€

    attachment #2: video (video/webm) â”€â”€â”€â”€â”€â”€â”€â”€â”€â”€â”€â”€â”€â”€â”€â”€â”€â”€â”€â”€â”€â”€â”€â”€â”€â”€â”€â”€â”€â”€â”€â”€â”€â”€â”€â”€â”€â”€â”€â”€â”€â”€â”€â”€â”€â”€â”€â”€â”€â”€â”€â”€â”€â”€â”€â”€â”€â”€â”€â”€â”€â”€
    ..\test-results\manual-review-ðŸ“‹-Manual-Re-15b02-te-filter-view-edit-approve-chromium\video.webm
    â”€â”€â”€â”€â”€â”€â”€â”€â”€â”€â”€â”€â”€â”€â”€â”€â”€â”€â”€â”€â”€â”€â”€â”€â”€â”€â”€â”€â”€â”€â”€â”€â”€â”€â”€â”€â”€â”€â”€â”€â”€â”€â”€â”€â”€â”€â”€â”€â”€â”€â”€â”€â”€â”€â”€â”€â”€â”€â”€â”€â”€â”€â”€â”€â”€â”€â”€â”€â”€â”€â”€â”€â”€â”€â”€â”€â”€â”€â”€â”€â”€â”€â”€â”€â”€â”€â”€â”€â”€â”€â”€â”€â”€â”€â”€â”€

    Error Context: ..\test-results\manual-review-ðŸ“‹-Manual-Re-15b02-te-filter-view-edit-approve-chromium\error-context.md

    attachment #4: trace (application/zip) â”€â”€â”€â”€â”€â”€â”€â”€â”€â”€â”€â”€â”€â”€â”€â”€â”€â”€â”€â”€â”€â”€â”€â”€â”€â”€â”€â”€â”€â”€â”€â”€â”€â”€â”€â”€â”€â”€â”€â”€â”€â”€â”€â”€â”€â”€â”€â”€â”€â”€â”€â”€â”€â”€â”€â”€â”€
    ..\test-results\manual-review-ðŸ“‹-Manual-Re-15b02-te-filter-view-edit-approve-chromium\trace.zip
    Usage:

        npx playwright show-trace ..\test-results\manual-review-ðŸ“‹-Manual-Re-15b02-te-filter-view-edit-approve-chromium\trace.zip

    â”€â”€â”€â”€â”€â”€â”€â”€â”€â”€â”€â”€â”€â”€â”€â”€â”€â”€â”€â”€â”€â”€â”€â”€â”€â”€â”€â”€â”€â”€â”€â”€â”€â”€â”€â”€â”€â”€â”€â”€â”€â”€â”€â”€â”€â”€â”€â”€â”€â”€â”€â”€â”€â”€â”€â”€â”€â”€â”€â”€â”€â”€â”€â”€â”€â”€â”€â”€â”€â”€â”€â”€â”€â”€â”€â”€â”€â”€â”€â”€â”€â”€â”€â”€â”€â”€â”€â”€â”€â”€â”€â”€â”€â”€â”€â”€

    Retry #1 â”€â”€â”€â”€â”€â”€â”€â”€â”€â”€â”€â”€â”€â”€â”€â”€â”€â”€â”€â”€â”€â”€â”€â”€â”€â”€â”€â”€â”€â”€â”€â”€â”€â”€â”€â”€â”€â”€â”€â”€â”€â”€â”€â”€â”€â”€â”€â”€â”€â”€â”€â”€â”€â”€â”€â”€â”€â”€â”€â”€â”€â”€â”€â”€â”€â”€â”€â”€â”€â”€â”€â”€â”€â”€â”€â”€â”€â”€â”€â”€â”€â”€â”€â”€â”€â”€â”€

    TimeoutError: locator.selectOption: Timeout 15000ms exceeded.
    Call log:
      - waiting for locator('xpath=(//select[contains(@class,\'focus:ring-primary-500\')])[1]')


      61 |
      62 |   const docTypeDropdown = page.locator("(//select[contains(@class,'focus:ring-primary-500')])[1]");
    > 63 |   await docTypeDropdown.selectOption({ label: 'Business Permit' });
         |                         ^
      64 |   console.log("âœ… Document Type: Business Permit");
      65 |
      66 |   const confidenceDropdown = page.locator("(//select[contains(@class,'focus:ring-primary-500')])[2]");
        at C:\Users\walte\playwright-ocr\tests\manual-review.spec.js:63:25

    attachment #1: screenshot (image/png) â”€â”€â”€â”€â”€â”€â”€â”€â”€â”€â”€â”€â”€â”€â”€â”€â”€â”€â”€â”€â”€â”€â”€â”€â”€â”€â”€â”€â”€â”€â”€â”€â”€â”€â”€â”€â”€â”€â”€â”€â”€â”€â”€â”€â”€â”€â”€â”€â”€â”€â”€â”€â”€â”€â”€â”€â”€â”€
    ..\test-results\manual-review-ðŸ“‹-Manual-Re-15b02-te-filter-view-edit-approve-chromium-retry1\test-failed-1.png
    â”€â”€â”€â”€â”€â”€â”€â”€â”€â”€â”€â”€â”€â”€â”€â”€â”€â”€â”€â”€â”€â”€â”€â”€â”€â”€â”€â”€â”€â”€â”€â”€â”€â”€â”€â”€â”€â”€â”€â”€â”€â”€â”€â”€â”€â”€â”€â”€â”€â”€â”€â”€â”€â”€â”€â”€â”€â”€â”€â”€â”€â”€â”€â”€â”€â”€â”€â”€â”€â”€â”€â”€â”€â”€â”€â”€â”€â”€â”€â”€â”€â”€â”€â”€â”€â”€â”€â”€â”€â”€â”€â”€â”€â”€â”€â”€

    attachment #2: video (video/webm) â”€â”€â”€â”€â”€â”€â”€â”€â”€â”€â”€â”€â”€â”€â”€â”€â”€â”€â”€â”€â”€â”€â”€â”€â”€â”€â”€â”€â”€â”€â”€â”€â”€â”€â”€â”€â”€â”€â”€â”€â”€â”€â”€â”€â”€â”€â”€â”€â”€â”€â”€â”€â”€â”€â”€â”€â”€â”€â”€â”€â”€â”€
    ..\test-results\manual-review-ðŸ“‹-Manual-Re-15b02-te-filter-view-edit-approve-chromium-retry1\video.webm
    â”€â”€â”€â”€â”€â”€â”€â”€â”€â”€â”€â”€â”€â”€â”€â”€â”€â”€â”€â”€â”€â”€â”€â”€â”€â”€â”€â”€â”€â”€â”€â”€â”€â”€â”€â”€â”€â”€â”€â”€â”€â”€â”€â”€â”€â”€â”€â”€â”€â”€â”€â”€â”€â”€â”€â”€â”€â”€â”€â”€â”€â”€â”€â”€â”€â”€â”€â”€â”€â”€â”€â”€â”€â”€â”€â”€â”€â”€â”€â”€â”€â”€â”€â”€â”€â”€â”€â”€â”€â”€â”€â”€â”€â”€â”€â”€

    Error Context: ..\test-results\manual-review-ðŸ“‹-Manual-Re-15b02-te-filter-view-edit-approve-chromium-retry1\error-context.md

    attachment #4: trace (application/zip) â”€â”€â”€â”€â”€â”€â”€â”€â”€â”€â”€â”€â”€â”€â”€â”€â”€â”€â”€â”€â”€â”€â”€â”€â”€â”€â”€â”€â”€â”€â”€â”€â”€â”€â”€â”€â”€â”€â”€â”€â”€â”€â”€â”€â”€â”€â”€â”€â”€â”€â”€â”€â”€â”€â”€â”€â”€
    ..\test-results\manual-review-ðŸ“‹-Manual-Re-15b02-te-filter-view-edit-approve-chromium-retry1\trace.zip
    Usage:

        npx playwright show-trace ..\test-results\manual-review-ðŸ“‹-Manual-Re-15b02-te-filter-view-edit-approve-chromium-retry1\trace.zip

    â”€â”€â”€â”€â”€â”€â”€â”€â”€â”€â”€â”€â”€â”€â”€â”€â”€â”€â”€â”€â”€â”€â”€â”€â”€â”€â”€â”€â”€â”€â”€â”€â”€â”€â”€â”€â”€â”€â”€â”€â”€â”€â”€â”€â”€â”€â”€â”€â”€â”€â”€â”€â”€â”€â”€â”€â”€â”€â”€â”€â”€â”€â”€â”€â”€â”€â”€â”€â”€â”€â”€â”€â”€â”€â”€â”€â”€â”€â”€â”€â”€â”€â”€â”€â”€â”€â”€â”€â”€â”€â”€â”€â”€â”€â”€â”€
]]>
</failure>
<system-out>
<![CDATA[ðŸ§­ [object Object]
ðŸ§­ [object Object]
ðŸ“§ Typing email...
ðŸ”’ Typing password...
ðŸš€ Clicking Sign In...
âœ… Page loaded and text "Dashboard" is visible.
âœ… Login successful!
ðŸ§­ [object Object]
âœ… Manual Review page loaded!
ðŸ‘€ Hovering over summary cards...
âš ï¸ Could not find or hover on card: Total Pending â€” locator.waitFor: Timeout 7000ms exceeded.
Call log:
[2m  - waiting for locator('xpath=(//div[contains(@class,\'bg-white\') or contains(@class,\'rounded\') or contains(@class,\'shadow\')]//*[contains(text(),"Total Pending")]/ancestor::div[contains(@class,\'bg-white\')])[1]') to be visible[22m

âš ï¸ Could not find or hover on card: Pending Review â€” locator.waitFor: Timeout 7000ms exceeded.
Call log:
[2m  - waiting for locator('xpath=(//div[contains(@class,\'bg-white\') or contains(@class,\'rounded\') or contains(@class,\'shadow\')]//*[contains(text(),"Pending Review")]/ancestor::div[contains(@class,\'bg-white\')])[1]') to be visible[22m

âš ï¸ Could not find or hover on card: Failed Processing â€” locator.waitFor: Timeout 7000ms exceeded.
Call log:
[2m  - waiting for locator('xpath=(//div[contains(@class,\'bg-white\') or contains(@class,\'rounded\') or contains(@class,\'shadow\')]//*[contains(text(),"Failed Processing")]/ancestor::div[contains(@class,\'bg-white\')])[1]') to be visible[22m

âš ï¸ Could not find or hover on card: High Priority â€” locator.waitFor: Timeout 7000ms exceeded.
Call log:
[2m  - waiting for locator('xpath=(//div[contains(@class,\'bg-white\') or contains(@class,\'rounded\') or contains(@class,\'shadow\')]//*[contains(text(),"High Priority")]/ancestor::div[contains(@class,\'bg-white\')])[1]') to be visible[22m

ðŸ§­ [object Object]

[[ATTACHMENT|..\..\test-results\manual-review-ðŸ“‹-Manual-Re-15b02-te-filter-view-edit-approve-chromium\test-failed-1.png]]

[[ATTACHMENT|..\..\test-results\manual-review-ðŸ“‹-Manual-Re-15b02-te-filter-view-edit-approve-chromium\video.webm]]

[[ATTACHMENT|..\..\test-results\manual-review-ðŸ“‹-Manual-Re-15b02-te-filter-view-edit-approve-chromium\error-context.md]]

[[ATTACHMENT|..\..\test-results\manual-review-ðŸ“‹-Manual-Re-15b02-te-filter-view-edit-approve-chromium\trace.zip]]
ðŸ§­ [object Object]
ðŸ§­ [object Object]
ðŸ“§ Typing email...
ðŸ”’ Typing password...
ðŸš€ Clicking Sign In...
âœ… Page loaded and text "Dashboard" is visible.
âœ… Login successful!
ðŸ§­ [object Object]
âœ… Manual Review page loaded!
ðŸ‘€ Hovering over summary cards...
âš ï¸ Could not find or hover on card: Total Pending â€” locator.waitFor: Timeout 7000ms exceeded.
Call log:
[2m  - waiting for locator('xpath=(//div[contains(@class,\'bg-white\') or contains(@class,\'rounded\') or contains(@class,\'shadow\')]//*[contains(text(),"Total Pending")]/ancestor::div[contains(@class,\'bg-white\')])[1]') to be visible[22m

âš ï¸ Could not find or hover on card: Pending Review â€” locator.waitFor: Timeout 7000ms exceeded.
Call log:
[2m  - waiting for locator('xpath=(//div[contains(@class,\'bg-white\') or contains(@class,\'rounded\') or contains(@class,\'shadow\')]//*[contains(text(),"Pending Review")]/ancestor::div[contains(@class,\'bg-white\')])[1]') to be visible[22m

âš ï¸ Could not find or hover on card: Failed Processing â€” locator.waitFor: Timeout 7000ms exceeded.
Call log:
[2m  - waiting for locator('xpath=(//div[contains(@class,\'bg-white\') or contains(@class,\'rounded\') or contains(@class,\'shadow\')]//*[contains(text(),"Failed Processing")]/ancestor::div[contains(@class,\'bg-white\')])[1]') to be visible[22m

âš ï¸ Could not find or hover on card: High Priority â€” locator.waitFor: Timeout 7000ms exceeded.
Call log:
[2m  - waiting for locator('xpath=(//div[contains(@class,\'bg-white\') or contains(@class,\'rounded\') or contains(@class,\'shadow\')]//*[contains(text(),"High Priority")]/ancestor::div[contains(@class,\'bg-white\')])[1]') to be visible[22m

ðŸ§­ [object Object]

[[ATTACHMENT|..\..\test-results\manual-review-ðŸ“‹-Manual-Re-15b02-te-filter-view-edit-approve-chromium-retry1\test-failed-1.png]]

[[ATTACHMENT|..\..\test-results\manual-review-ðŸ“‹-Manual-Re-15b02-te-filter-view-edit-approve-chromium-retry1\video.webm]]

[[ATTACHMENT|..\..\test-results\manual-review-ðŸ“‹-Manual-Re-15b02-te-filter-view-edit-approve-chromium-retry1\error-context.md]]

[[ATTACHMENT|..\..\test-results\manual-review-ðŸ“‹-Manual-Re-15b02-te-filter-view-edit-approve-chromium-retry1\trace.zip]]
]]>
</system-out>
</testcase>
</testsuite>
</testsuites>