<testsuites id="" name="" tests="1" failures="1" skipped="0" errors="0" time="47.606256">
<testsuite name="logout.spec.js" timestamp="2025-11-12T06:44:10.785Z" hostname="chromium" tests="1" failures="1" skipped="0" time="41.428" errors="0">
<testcase name="🔐 Full login and logout flow with visible typing" classname="logout.spec.js" time="41.428">
<failure message="logout.spec.js:7:5 🔐 Full login and logout flow with visible typing" type="FAILURE">
<![CDATA[  [chromium] › logout.spec.js:7:5 › 🔐 Full login and logout flow with visible typing ──────────────

    TimeoutError: page.waitForSelector: Timeout 10000ms exceeded.
    Call log:
      - waiting for locator('text=undefined') to be visible


       at utils.js:103

      101 | export async function waitForPageLoad(page, text) {
      102 |   await page.waitForLoadState('networkidle');
    > 103 |   await page.waitForSelector(`text=${text}`, { timeout: 10000 });
          |              ^
      104 |   console.log(`✅ Page loaded and text "${text}" is visible.`);
      105 | }
      106 |
        at waitForPageLoad (C:\Users\walte\playwright-ocr\tests\utils.js:103:14)
        at C:\Users\walte\playwright-ocr\tests\logout.spec.js:31:3

    attachment #1: screenshot (image/png) ──────────────────────────────────────────────────────────
    ..\test-results\logout-🔐-Full-login-and-logout-flow-with-visible-typing-chromium\test-failed-1.png
    ────────────────────────────────────────────────────────────────────────────────────────────────

    attachment #2: video (video/webm) ──────────────────────────────────────────────────────────────
    ..\test-results\logout-🔐-Full-login-and-logout-flow-with-visible-typing-chromium\video.webm
    ────────────────────────────────────────────────────────────────────────────────────────────────

    Error Context: ..\test-results\logout-🔐-Full-login-and-logout-flow-with-visible-typing-chromium\error-context.md

    attachment #4: trace (application/zip) ─────────────────────────────────────────────────────────
    ..\test-results\logout-🔐-Full-login-and-logout-flow-with-visible-typing-chromium\trace.zip
    Usage:

        npx playwright show-trace ..\test-results\logout-🔐-Full-login-and-logout-flow-with-visible-typing-chromium\trace.zip

    ────────────────────────────────────────────────────────────────────────────────────────────────

    Retry #1 ───────────────────────────────────────────────────────────────────────────────────────

    TimeoutError: page.waitForSelector: Timeout 10000ms exceeded.
    Call log:
      - waiting for locator('text=undefined') to be visible


       at utils.js:103

      101 | export async function waitForPageLoad(page, text) {
      102 |   await page.waitForLoadState('networkidle');
    > 103 |   await page.waitForSelector(`text=${text}`, { timeout: 10000 });
          |              ^
      104 |   console.log(`✅ Page loaded and text "${text}" is visible.`);
      105 | }
      106 |
        at waitForPageLoad (C:\Users\walte\playwright-ocr\tests\utils.js:103:14)
        at C:\Users\walte\playwright-ocr\tests\logout.spec.js:31:3

    attachment #1: screenshot (image/png) ──────────────────────────────────────────────────────────
    ..\test-results\logout-🔐-Full-login-and-logout-flow-with-visible-typing-chromium-retry1\test-failed-1.png
    ────────────────────────────────────────────────────────────────────────────────────────────────

    attachment #2: video (video/webm) ──────────────────────────────────────────────────────────────
    ..\test-results\logout-🔐-Full-login-and-logout-flow-with-visible-typing-chromium-retry1\video.webm
    ────────────────────────────────────────────────────────────────────────────────────────────────

    Error Context: ..\test-results\logout-🔐-Full-login-and-logout-flow-with-visible-typing-chromium-retry1\error-context.md

    attachment #4: trace (application/zip) ─────────────────────────────────────────────────────────
    ..\test-results\logout-🔐-Full-login-and-logout-flow-with-visible-typing-chromium-retry1\trace.zip
    Usage:

        npx playwright show-trace ..\test-results\logout-🔐-Full-login-and-logout-flow-with-visible-typing-chromium-retry1\trace.zip

    ────────────────────────────────────────────────────────────────────────────────────────────────
]]>
</failure>
<system-out>
<![CDATA[🧭 🌐 Navigating to OCR Login Page...
🧭 📧 Typing email...
👀 Element became visible: locator('xpath=(//input[@id="_R_1lbinpfjrb_"])[1]')
🧭 🔒 Typing password...
👀 Element became visible: locator('xpath=(//input[@id="_R_2lbinpfjrb_"])[1]')
🧭 🧩 Clicking Sign In button...
👀 Element became visible: locator('xpath=(//button[normalize-space()=\'Sign in\'])[1]')
🧭 ⏳ Waiting for Dashboard to load...

[[ATTACHMENT|..\..\test-results\logout-🔐-Full-login-and-logout-flow-with-visible-typing-chromium\test-failed-1.png]]

[[ATTACHMENT|..\..\test-results\logout-🔐-Full-login-and-logout-flow-with-visible-typing-chromium\video.webm]]

[[ATTACHMENT|..\..\test-results\logout-🔐-Full-login-and-logout-flow-with-visible-typing-chromium\error-context.md]]

[[ATTACHMENT|..\..\test-results\logout-🔐-Full-login-and-logout-flow-with-visible-typing-chromium\trace.zip]]
🧭 🌐 Navigating to OCR Login Page...
🧭 📧 Typing email...
👀 Element became visible: locator('xpath=(//input[@id="_R_1lbinpfjrb_"])[1]')
🧭 🔒 Typing password...
👀 Element became visible: locator('xpath=(//input[@id="_R_2lbinpfjrb_"])[1]')
🧭 🧩 Clicking Sign In button...
👀 Element became visible: locator('xpath=(//button[normalize-space()=\'Sign in\'])[1]')
🧭 ⏳ Waiting for Dashboard to load...

[[ATTACHMENT|..\..\test-results\logout-🔐-Full-login-and-logout-flow-with-visible-typing-chromium-retry1\test-failed-1.png]]

[[ATTACHMENT|..\..\test-results\logout-🔐-Full-login-and-logout-flow-with-visible-typing-chromium-retry1\video.webm]]

[[ATTACHMENT|..\..\test-results\logout-🔐-Full-login-and-logout-flow-with-visible-typing-chromium-retry1\error-context.md]]

[[ATTACHMENT|..\..\test-results\logout-🔐-Full-login-and-logout-flow-with-visible-typing-chromium-retry1\trace.zip]]
]]>
</system-out>
</testcase>
</testsuite>
</testsuites>