<testsuites id="" name="" tests="1" failures="1" skipped="0" errors="0" time="54.623932">
<testsuite name="model-training.spec.js" timestamp="2025-11-08T07:43:41.677Z" hostname="chromium" tests="1" failures="1" skipped="0" time="45.328" errors="0">
<testcase name="🧠 Full model training workflow: login, navigate, upload, start training" classname="model-training.spec.js" time="45.328">
<failure message="model-training.spec.js:8:5 🧠 Full model training workflow: login, navigate, upload, start training" type="FAILURE">
<![CDATA[  [chromium] › model-training.spec.js:8:5 › 🧠 Full model training workflow: login, navigate, upload, start training 

    TimeoutError: locator.waitFor: Timeout 8000ms exceeded.
    Call log:
      - waiting for locator('xpath=(//input[@id=\'document-type\'])[1]') to be visible


       at utils.js:112

      110 |  */
      111 | export async function waitForVisible(locator, timeout = 10000) {
    > 112 |   await locator.waitFor({ state: 'visible', timeout });
          |                 ^
      113 |   console.log(`👀 Element became visible: ${locator}`);
      114 | }
      115 |
        at waitForVisible (C:\Users\walte\playwright-ocr\tests\utils.js:112:17)
        at C:\Users\walte\playwright-ocr\tests\model-training.spec.js:36:23

    attachment #1: screenshot (image/png) ──────────────────────────────────────────────────────────
    ..\test-results\model-training-🧠-Full-mod-8eeb4-igate-upload-start-training-chromium\test-failed-1.png
    ────────────────────────────────────────────────────────────────────────────────────────────────

    attachment #2: video (video/webm) ──────────────────────────────────────────────────────────────
    ..\test-results\model-training-🧠-Full-mod-8eeb4-igate-upload-start-training-chromium\video.webm
    ────────────────────────────────────────────────────────────────────────────────────────────────

    Error Context: ..\test-results\model-training-🧠-Full-mod-8eeb4-igate-upload-start-training-chromium\error-context.md

    attachment #4: trace (application/zip) ─────────────────────────────────────────────────────────
    ..\test-results\model-training-🧠-Full-mod-8eeb4-igate-upload-start-training-chromium\trace.zip
    Usage:

        npx playwright show-trace ..\test-results\model-training-🧠-Full-mod-8eeb4-igate-upload-start-training-chromium\trace.zip

    ────────────────────────────────────────────────────────────────────────────────────────────────

    Retry #1 ───────────────────────────────────────────────────────────────────────────────────────

    TimeoutError: locator.waitFor: Timeout 8000ms exceeded.
    Call log:
      - waiting for locator('xpath=(//input[@id=\'document-type\'])[1]') to be visible


       at utils.js:112

      110 |  */
      111 | export async function waitForVisible(locator, timeout = 10000) {
    > 112 |   await locator.waitFor({ state: 'visible', timeout });
          |                 ^
      113 |   console.log(`👀 Element became visible: ${locator}`);
      114 | }
      115 |
        at waitForVisible (C:\Users\walte\playwright-ocr\tests\utils.js:112:17)
        at C:\Users\walte\playwright-ocr\tests\model-training.spec.js:36:23

    attachment #1: screenshot (image/png) ──────────────────────────────────────────────────────────
    ..\test-results\model-training-🧠-Full-mod-8eeb4-igate-upload-start-training-chromium-retry1\test-failed-1.png
    ────────────────────────────────────────────────────────────────────────────────────────────────

    attachment #2: video (video/webm) ──────────────────────────────────────────────────────────────
    ..\test-results\model-training-🧠-Full-mod-8eeb4-igate-upload-start-training-chromium-retry1\video.webm
    ────────────────────────────────────────────────────────────────────────────────────────────────

    Error Context: ..\test-results\model-training-🧠-Full-mod-8eeb4-igate-upload-start-training-chromium-retry1\error-context.md

    attachment #4: trace (application/zip) ─────────────────────────────────────────────────────────
    ..\test-results\model-training-🧠-Full-mod-8eeb4-igate-upload-start-training-chromium-retry1\trace.zip
    Usage:

        npx playwright show-trace ..\test-results\model-training-🧠-Full-mod-8eeb4-igate-upload-start-training-chromium-retry1\trace.zip

    ────────────────────────────────────────────────────────────────────────────────────────────────
]]>
</failure>
<system-out>
<![CDATA[🧭 🌐 Navigating to login page...
🧭 🔐 Logging in as reviewer...
📧 Typing email...
🔒 Typing password...
🚀 Clicking Sign In...
✅ Page loaded and text "Dashboard" is visible.
✅ Login successful!
🧭 🧠 Navigating to 'Model Training' tab...
👀 Element became visible: locator('xpath=(//a[normalize-space()=\'Model Training\'])[1]')
✅ Model Training page loaded successfully!
🧭 📝 Typing in the document type...

[[ATTACHMENT|..\..\test-results\model-training-🧠-Full-mod-8eeb4-igate-upload-start-training-chromium\test-failed-1.png]]

[[ATTACHMENT|..\..\test-results\model-training-🧠-Full-mod-8eeb4-igate-upload-start-training-chromium\video.webm]]

[[ATTACHMENT|..\..\test-results\model-training-🧠-Full-mod-8eeb4-igate-upload-start-training-chromium\error-context.md]]

[[ATTACHMENT|..\..\test-results\model-training-🧠-Full-mod-8eeb4-igate-upload-start-training-chromium\trace.zip]]
🧭 🌐 Navigating to login page...
🧭 🔐 Logging in as reviewer...
📧 Typing email...
🔒 Typing password...
🚀 Clicking Sign In...
✅ Page loaded and text "Dashboard" is visible.
✅ Login successful!
🧭 🧠 Navigating to 'Model Training' tab...
👀 Element became visible: locator('xpath=(//a[normalize-space()=\'Model Training\'])[1]')
✅ Model Training page loaded successfully!
🧭 📝 Typing in the document type...

[[ATTACHMENT|..\..\test-results\model-training-🧠-Full-mod-8eeb4-igate-upload-start-training-chromium-retry1\test-failed-1.png]]

[[ATTACHMENT|..\..\test-results\model-training-🧠-Full-mod-8eeb4-igate-upload-start-training-chromium-retry1\video.webm]]

[[ATTACHMENT|..\..\test-results\model-training-🧠-Full-mod-8eeb4-igate-upload-start-training-chromium-retry1\error-context.md]]

[[ATTACHMENT|..\..\test-results\model-training-🧠-Full-mod-8eeb4-igate-upload-start-training-chromium-retry1\trace.zip]]
]]>
</system-out>
</testcase>
</testsuite>
</testsuites>