<testsuites id="" name="" tests="1" failures="1" skipped="0" errors="0" time="57.975768">
<testsuite name="user.spec.js" timestamp="2025-11-05T09:54:46.049Z" hostname="chromium" tests="1" failures="1" skipped="0" time="48.692" errors="0">
<testcase name="Full user workflow: create, filter, edit, and delete users" classname="user.spec.js" time="48.692">
<failure message="user.spec.js:3:5 Full user workflow: create, filter, edit, and delete users" type="FAILURE">
<![CDATA[  [chromium] › user.spec.js:3:5 › Full user workflow: create, filter, edit, and delete users ───────

    TimeoutError: locator.waitFor: Timeout 10000ms exceeded.
    Call log:
      - waiting for locator('xpath=(//input[@id=\'_r_56_\'])[1]') to be visible


      52 |
      53 |   const nameField = page.locator("(//input[@id='_r_56_'])[1]");
    > 54 |   await nameField.waitFor({ state: "visible", timeout: 10000 });
         |                   ^
      55 |   await nameField.click();
      56 |   await nameField.fill("");
      57 |   await nameField.type("Walter Oke Oteku", { delay: 120 });
        at C:\Users\walte\playwright-ocr\tests\user.spec.js:54:19

    attachment #1: screenshot (image/png) ──────────────────────────────────────────────────────────
    ..\test-results\user-Full-user-workflow-create-filter-edit-and-delete-users-chromium\test-failed-1.png
    ────────────────────────────────────────────────────────────────────────────────────────────────

    attachment #2: video (video/webm) ──────────────────────────────────────────────────────────────
    ..\test-results\user-Full-user-workflow-create-filter-edit-and-delete-users-chromium\video.webm
    ────────────────────────────────────────────────────────────────────────────────────────────────

    Error Context: ..\test-results\user-Full-user-workflow-create-filter-edit-and-delete-users-chromium\error-context.md

    attachment #4: trace (application/zip) ─────────────────────────────────────────────────────────
    ..\test-results\user-Full-user-workflow-create-filter-edit-and-delete-users-chromium\trace.zip
    Usage:

        npx playwright show-trace ..\test-results\user-Full-user-workflow-create-filter-edit-and-delete-users-chromium\trace.zip

    ────────────────────────────────────────────────────────────────────────────────────────────────

    Retry #1 ───────────────────────────────────────────────────────────────────────────────────────

    TimeoutError: locator.waitFor: Timeout 10000ms exceeded.
    Call log:
      - waiting for locator('xpath=(//input[@id=\'_r_56_\'])[1]') to be visible


      52 |
      53 |   const nameField = page.locator("(//input[@id='_r_56_'])[1]");
    > 54 |   await nameField.waitFor({ state: "visible", timeout: 10000 });
         |                   ^
      55 |   await nameField.click();
      56 |   await nameField.fill("");
      57 |   await nameField.type("Walter Oke Oteku", { delay: 120 });
        at C:\Users\walte\playwright-ocr\tests\user.spec.js:54:19

    attachment #1: screenshot (image/png) ──────────────────────────────────────────────────────────
    ..\test-results\user-Full-user-workflow-create-filter-edit-and-delete-users-chromium-retry1\test-failed-1.png
    ────────────────────────────────────────────────────────────────────────────────────────────────

    attachment #2: video (video/webm) ──────────────────────────────────────────────────────────────
    ..\test-results\user-Full-user-workflow-create-filter-edit-and-delete-users-chromium-retry1\video.webm
    ────────────────────────────────────────────────────────────────────────────────────────────────

    Error Context: ..\test-results\user-Full-user-workflow-create-filter-edit-and-delete-users-chromium-retry1\error-context.md

    attachment #4: trace (application/zip) ─────────────────────────────────────────────────────────
    ..\test-results\user-Full-user-workflow-create-filter-edit-and-delete-users-chromium-retry1\trace.zip
    Usage:

        npx playwright show-trace ..\test-results\user-Full-user-workflow-create-filter-edit-and-delete-users-chromium-retry1\trace.zip

    ────────────────────────────────────────────────────────────────────────────────────────────────
]]>
</failure>
<system-out>
<![CDATA[🌐 Navigating to login page...
📧 Typing email slowly...
🔒 Typing password slowly...
🖱 Clicking Sign In button...
⏳ Waiting for success message...
👥 Navigating to 'Users' tab...
✅ Users page loaded successfully!
➕ Clicking 'Add User' button...
✅ Navigated to 'Create New User' form.
📝 Filling new user details...

[[ATTACHMENT|..\..\test-results\user-Full-user-workflow-create-filter-edit-and-delete-users-chromium\test-failed-1.png]]

[[ATTACHMENT|..\..\test-results\user-Full-user-workflow-create-filter-edit-and-delete-users-chromium\video.webm]]

[[ATTACHMENT|..\..\test-results\user-Full-user-workflow-create-filter-edit-and-delete-users-chromium\error-context.md]]

[[ATTACHMENT|..\..\test-results\user-Full-user-workflow-create-filter-edit-and-delete-users-chromium\trace.zip]]
🌐 Navigating to login page...
📧 Typing email slowly...
🔒 Typing password slowly...
🖱 Clicking Sign In button...
⏳ Waiting for success message...
👥 Navigating to 'Users' tab...
✅ Users page loaded successfully!
➕ Clicking 'Add User' button...
✅ Navigated to 'Create New User' form.
📝 Filling new user details...

[[ATTACHMENT|..\..\test-results\user-Full-user-workflow-create-filter-edit-and-delete-users-chromium-retry1\test-failed-1.png]]

[[ATTACHMENT|..\..\test-results\user-Full-user-workflow-create-filter-edit-and-delete-users-chromium-retry1\video.webm]]

[[ATTACHMENT|..\..\test-results\user-Full-user-workflow-create-filter-edit-and-delete-users-chromium-retry1\error-context.md]]

[[ATTACHMENT|..\..\test-results\user-Full-user-workflow-create-filter-edit-and-delete-users-chromium-retry1\trace.zip]]
]]>
</system-out>
</testcase>
</testsuite>
</testsuites>