<testsuites id="" name="" tests="1" failures="0" skipped="0" errors="0" time="25.823608">
<testsuite name="audit-log.spec.js" timestamp="2025-11-05T09:27:11.644Z" hostname="chromium" tests="1" failures="0" skipped="0" time="21.807" errors="0">
<testcase name="Audit Logs: Export CSV and view details flow" classname="audit-log.spec.js" time="21.807">
<system-out>
<![CDATA[🚀 Navigating to login page...
👤 Entering username...
🔒 Entering password...
🔓 Clicking 'Sign In'...
🕒 Waiting for dashboard to load...
✅ Login successful!
📋 Navigating to 'Audit Logs'...
✅ Audit Logs page loaded.
📦 Opening export format dropdown...
🧾 Selecting CSV format...
✅ CSV format selected.
📤 Clicking 'Export Audit Logs' button...
✅ Export initiated — CSV download should begin shortly.
🔍 Scrolling to audit log entries...
👁️ Clicking 'View details' icon for a log entry...
🪟 Viewing audit log details...
❌ Closing the details view...
✅ Audit log details closed successfully.
🎉 Full export and view flow completed successfully!
]]>
</system-out>
</testcase>
</testsuite>
</testsuites>