<testsuites id="" name="" tests="1" failures="0" skipped="0" errors="0" time="21.215439000000003">
<testsuite name="audit-log.spec.js" timestamp="2025-11-07T10:01:52.415Z" hostname="chromium" tests="1" failures="0" skipped="0" time="17.961" errors="0">
<testcase name="🧾 Audit Logs: Export CSV and view details flow" classname="audit-log.spec.js" time="17.961">
<system-out>
<![CDATA[🌐 Navigating to login page...
🔐 Logging in as reviewer...
✅ Login successful! Dashboard loaded.
📋 Navigating to 'Audit Logs'...
✅ Clicked Audit Logs tab using selector: text=Audit Logs
✅ Audit Logs page loaded successfully.
📦 Opening export format dropdown...
🧾 Selecting CSV format...
✅ CSV format selected.
📤 Clicking 'Export Audit Logs' button...
✅ Export initiated — CSV download should begin shortly.
🔍 Scrolling to audit log entries...
👁️ Opening 'View details' for a specific log entry...
🪟 Audit log details modal opened.
❌ Closing details modal...
✅ Audit log details closed successfully.
🎉 Full export and view flow completed successfully!
]]>
</system-out>
</testcase>
</testsuite>
</testsuites>