<testsuites id="" name="" tests="1" failures="0" skipped="0" errors="0" time="39.832898">
<testsuite name="documents.spec.js" timestamp="2025-11-04T19:39:11.350Z" hostname="chromium" tests="1" failures="0" skipped="0" time="36.975" errors="0">
<testcase name="Full document workflow: upload, search, filter, view, download, delete" classname="documents.spec.js" time="36.975">
<system-out>
<![CDATA[🚀 Navigating to login page...
📧 Typing username...
🔒 Typing password...
🖱️ Clicking 'Sign In' button...
⏳ Waiting for dashboard to load...
✅ Logged in successfully!
📂 Opening 'Documents' tab...
✅ Documents page loaded.
📤 Clicking 'Upload Documents'...
✅ Upload page opened successfully!
📎 Selecting file to upload...
✅ File selected successfully!
🚀 Submitting file upload...
⚠️ Upload button not visible, skipping click.
🔄 Returned to Documents list.
🔍 Searching for uploaded document...
✅ Search completed.
🧹 Clearing search field...
⚙️ Opening Filters...
✅ Applying 'Completed' status filter...
✅ Applying 'Business Permit' type filter...
🧹 Clearing all filters...
📅 Setting Upload Date Range...
📊 Setting Confidence Score Range...
✅ Filters configured successfully.
⬆️ Collapsing Filters panel...
⚠️ Could not collapse filters.
👁 Viewing first document...
⚠️ View icon not visible.
⬇️ Downloading document...
⚠️ Download icon not found.
🗑 Attempting to delete document...
🧹 Confirming delete...
⚠️ No confirm button visible — trying to close modal...
🎯 Full document workflow completed successfully!
]]>
</system-out>
</testcase>
</testsuite>
</testsuites>