<testsuites id="" name="" tests="1" failures="1" skipped="0" errors="0" time="49.215555">
<testsuite name="manual-review.spec.js" timestamp="2025-11-04T23:04:52.814Z" hostname="chromium" tests="1" failures="1" skipped="0" time="42.305" errors="0">
<testcase name="Manual Review workflow: navigate, filter, view, edit, approve" classname="manual-review.spec.js" time="42.305">
<failure message="manual-review.spec.js:3:5 Manual Review workflow: navigate, filter, view, edit, approve" type="FAILURE">
<![CDATA[  [chromium] › manual-review.spec.js:3:5 › Manual Review workflow: navigate, filter, view, edit, approve 

    TimeoutError: locator.waitFor: Timeout 10000ms exceeded.
    Call log:
      - waiting for locator('xpath=(//a[normalize-space()=\'Manual Review\'])[1]') to be visible


      49 |   console.log("📋 Navigating to Manual Review tab...");
      50 |   const manualReviewTab = page.locator("(//a[normalize-space()='Manual Review'])[1]");
    > 51 |   await manualReviewTab.waitFor({ state: 'visible', timeout: 10000 });
         |                         ^
      52 |   await manualReviewTab.click();
      53 |   // await page.waitForURL(/Manual-Review/i, { timeout: 15000 });
      54 |   await page.waitForURL(/review/i, { timeout: 15000 });
        at C:\Users\walte\playwright-ocr\tests\manual-review.spec.js:51:25

    attachment #1: screenshot (image/png) ──────────────────────────────────────────────────────────
    ..\test-results\manual-review-Manual-Revie-e2df7-te-filter-view-edit-approve-chromium\test-failed-1.png
    ────────────────────────────────────────────────────────────────────────────────────────────────

    attachment #2: video (video/webm) ──────────────────────────────────────────────────────────────
    ..\test-results\manual-review-Manual-Revie-e2df7-te-filter-view-edit-approve-chromium\video.webm
    ────────────────────────────────────────────────────────────────────────────────────────────────

    Error Context: ..\test-results\manual-review-Manual-Revie-e2df7-te-filter-view-edit-approve-chromium\error-context.md

    attachment #4: trace (application/zip) ─────────────────────────────────────────────────────────
    ..\test-results\manual-review-Manual-Revie-e2df7-te-filter-view-edit-approve-chromium\trace.zip
    Usage:

        npx playwright show-trace ..\test-results\manual-review-Manual-Revie-e2df7-te-filter-view-edit-approve-chromium\trace.zip

    ────────────────────────────────────────────────────────────────────────────────────────────────

    Retry #1 ───────────────────────────────────────────────────────────────────────────────────────

    TimeoutError: locator.waitFor: Timeout 10000ms exceeded.
    Call log:
      - waiting for locator('xpath=(//a[normalize-space()=\'Manual Review\'])[1]') to be visible


      49 |   console.log("📋 Navigating to Manual Review tab...");
      50 |   const manualReviewTab = page.locator("(//a[normalize-space()='Manual Review'])[1]");
    > 51 |   await manualReviewTab.waitFor({ state: 'visible', timeout: 10000 });
         |                         ^
      52 |   await manualReviewTab.click();
      53 |   // await page.waitForURL(/Manual-Review/i, { timeout: 15000 });
      54 |   await page.waitForURL(/review/i, { timeout: 15000 });
        at C:\Users\walte\playwright-ocr\tests\manual-review.spec.js:51:25

    attachment #1: screenshot (image/png) ──────────────────────────────────────────────────────────
    ..\test-results\manual-review-Manual-Revie-e2df7-te-filter-view-edit-approve-chromium-retry1\test-failed-1.png
    ────────────────────────────────────────────────────────────────────────────────────────────────

    attachment #2: video (video/webm) ──────────────────────────────────────────────────────────────
    ..\test-results\manual-review-Manual-Revie-e2df7-te-filter-view-edit-approve-chromium-retry1\video.webm
    ────────────────────────────────────────────────────────────────────────────────────────────────

    Error Context: ..\test-results\manual-review-Manual-Revie-e2df7-te-filter-view-edit-approve-chromium-retry1\error-context.md

    attachment #4: trace (application/zip) ─────────────────────────────────────────────────────────
    ..\test-results\manual-review-Manual-Revie-e2df7-te-filter-view-edit-approve-chromium-retry1\trace.zip
    Usage:

        npx playwright show-trace ..\test-results\manual-review-Manual-Revie-e2df7-te-filter-view-edit-approve-chromium-retry1\trace.zip

    ────────────────────────────────────────────────────────────────────────────────────────────────
]]>
</failure>
<system-out>
<![CDATA[ Navigating to login page...
📧 Typing email slowly...
🔒 Typing password slowly...
Clicking Sign In button...
Waiting for success message...
📋 Navigating to Manual Review tab...

[[ATTACHMENT|..\..\test-results\manual-review-Manual-Revie-e2df7-te-filter-view-edit-approve-chromium\test-failed-1.png]]

[[ATTACHMENT|..\..\test-results\manual-review-Manual-Revie-e2df7-te-filter-view-edit-approve-chromium\video.webm]]

[[ATTACHMENT|..\..\test-results\manual-review-Manual-Revie-e2df7-te-filter-view-edit-approve-chromium\error-context.md]]

[[ATTACHMENT|..\..\test-results\manual-review-Manual-Revie-e2df7-te-filter-view-edit-approve-chromium\trace.zip]]
 Navigating to login page...
📧 Typing email slowly...
🔒 Typing password slowly...
Clicking Sign In button...
Waiting for success message...
📋 Navigating to Manual Review tab...

[[ATTACHMENT|..\..\test-results\manual-review-Manual-Revie-e2df7-te-filter-view-edit-approve-chromium-retry1\test-failed-1.png]]

[[ATTACHMENT|..\..\test-results\manual-review-Manual-Revie-e2df7-te-filter-view-edit-approve-chromium-retry1\video.webm]]

[[ATTACHMENT|..\..\test-results\manual-review-Manual-Revie-e2df7-te-filter-view-edit-approve-chromium-retry1\error-context.md]]

[[ATTACHMENT|..\..\test-results\manual-review-Manual-Revie-e2df7-te-filter-view-edit-approve-chromium-retry1\trace.zip]]
]]>
</system-out>
</testcase>
</testsuite>
</testsuites>