<testsuites id="" name="" tests="1" failures="1" skipped="0" errors="0" time="54.784763">
<testsuite name="profile.spec.js" timestamp="2025-11-12T07:15:30.071Z" hostname="chromium" tests="1" failures="1" skipped="0" time="45.132" errors="0">
<testcase name="Profile navigation, edit, reset and logout flow" classname="profile.spec.js" time="45.132">
<failure message="profile.spec.js:7:5 Profile navigation, edit, reset and logout flow" type="FAILURE">
<![CDATA[  [chromium] â€º profile.spec.js:7:5 â€º Profile navigation, edit, reset and logout flow â”€â”€â”€â”€â”€â”€â”€â”€â”€â”€â”€â”€â”€â”€â”€

    TimeoutError: locator.waitFor: Timeout 10000ms exceeded.
    Call log:
      - waiting for locator('xpath=(//input[@id=\'_r_12_\'])[1]') to be visible


       at utils.js:121

      119 |  */
      120 | export async function waitForVisible(locator, timeout = 10000, testName = "") {
    > 121 |   await locator.waitFor({ state: 'visible', timeout });
          |                 ^
      122 |   console.log(`ðŸ‘€ [${testName}] Element became visible: ${locator}`);
      123 | }
      124 |
        at waitForVisible (C:\Users\walte\playwright-ocr\tests\utils.js:121:17)
        at C:\Users\walte\playwright-ocr\tests\profile.spec.js:46:23

    attachment #1: screenshot (image/png) â”€â”€â”€â”€â”€â”€â”€â”€â”€â”€â”€â”€â”€â”€â”€â”€â”€â”€â”€â”€â”€â”€â”€â”€â”€â”€â”€â”€â”€â”€â”€â”€â”€â”€â”€â”€â”€â”€â”€â”€â”€â”€â”€â”€â”€â”€â”€â”€â”€â”€â”€â”€â”€â”€â”€â”€â”€â”€
    ..\test-results\profile-Profile-navigation-edit-reset-and-logout-flow-chromium\test-failed-1.png
    â”€â”€â”€â”€â”€â”€â”€â”€â”€â”€â”€â”€â”€â”€â”€â”€â”€â”€â”€â”€â”€â”€â”€â”€â”€â”€â”€â”€â”€â”€â”€â”€â”€â”€â”€â”€â”€â”€â”€â”€â”€â”€â”€â”€â”€â”€â”€â”€â”€â”€â”€â”€â”€â”€â”€â”€â”€â”€â”€â”€â”€â”€â”€â”€â”€â”€â”€â”€â”€â”€â”€â”€â”€â”€â”€â”€â”€â”€â”€â”€â”€â”€â”€â”€â”€â”€â”€â”€â”€â”€â”€â”€â”€â”€â”€â”€

    attachment #2: video (video/webm) â”€â”€â”€â”€â”€â”€â”€â”€â”€â”€â”€â”€â”€â”€â”€â”€â”€â”€â”€â”€â”€â”€â”€â”€â”€â”€â”€â”€â”€â”€â”€â”€â”€â”€â”€â”€â”€â”€â”€â”€â”€â”€â”€â”€â”€â”€â”€â”€â”€â”€â”€â”€â”€â”€â”€â”€â”€â”€â”€â”€â”€â”€
    ..\test-results\profile-Profile-navigation-edit-reset-and-logout-flow-chromium\video.webm
    â”€â”€â”€â”€â”€â”€â”€â”€â”€â”€â”€â”€â”€â”€â”€â”€â”€â”€â”€â”€â”€â”€â”€â”€â”€â”€â”€â”€â”€â”€â”€â”€â”€â”€â”€â”€â”€â”€â”€â”€â”€â”€â”€â”€â”€â”€â”€â”€â”€â”€â”€â”€â”€â”€â”€â”€â”€â”€â”€â”€â”€â”€â”€â”€â”€â”€â”€â”€â”€â”€â”€â”€â”€â”€â”€â”€â”€â”€â”€â”€â”€â”€â”€â”€â”€â”€â”€â”€â”€â”€â”€â”€â”€â”€â”€â”€

    Error Context: ..\test-results\profile-Profile-navigation-edit-reset-and-logout-flow-chromium\error-context.md

    attachment #4: trace (application/zip) â”€â”€â”€â”€â”€â”€â”€â”€â”€â”€â”€â”€â”€â”€â”€â”€â”€â”€â”€â”€â”€â”€â”€â”€â”€â”€â”€â”€â”€â”€â”€â”€â”€â”€â”€â”€â”€â”€â”€â”€â”€â”€â”€â”€â”€â”€â”€â”€â”€â”€â”€â”€â”€â”€â”€â”€â”€
    ..\test-results\profile-Profile-navigation-edit-reset-and-logout-flow-chromium\trace.zip
    Usage:

        npx playwright show-trace ..\test-results\profile-Profile-navigation-edit-reset-and-logout-flow-chromium\trace.zip

    â”€â”€â”€â”€â”€â”€â”€â”€â”€â”€â”€â”€â”€â”€â”€â”€â”€â”€â”€â”€â”€â”€â”€â”€â”€â”€â”€â”€â”€â”€â”€â”€â”€â”€â”€â”€â”€â”€â”€â”€â”€â”€â”€â”€â”€â”€â”€â”€â”€â”€â”€â”€â”€â”€â”€â”€â”€â”€â”€â”€â”€â”€â”€â”€â”€â”€â”€â”€â”€â”€â”€â”€â”€â”€â”€â”€â”€â”€â”€â”€â”€â”€â”€â”€â”€â”€â”€â”€â”€â”€â”€â”€â”€â”€â”€â”€

    Retry #1 â”€â”€â”€â”€â”€â”€â”€â”€â”€â”€â”€â”€â”€â”€â”€â”€â”€â”€â”€â”€â”€â”€â”€â”€â”€â”€â”€â”€â”€â”€â”€â”€â”€â”€â”€â”€â”€â”€â”€â”€â”€â”€â”€â”€â”€â”€â”€â”€â”€â”€â”€â”€â”€â”€â”€â”€â”€â”€â”€â”€â”€â”€â”€â”€â”€â”€â”€â”€â”€â”€â”€â”€â”€â”€â”€â”€â”€â”€â”€â”€â”€â”€â”€â”€â”€â”€â”€

    TimeoutError: locator.waitFor: Timeout 10000ms exceeded.
    Call log:
      - waiting for locator('xpath=(//input[@id=\'_r_12_\'])[1]') to be visible


       at utils.js:121

      119 |  */
      120 | export async function waitForVisible(locator, timeout = 10000, testName = "") {
    > 121 |   await locator.waitFor({ state: 'visible', timeout });
          |                 ^
      122 |   console.log(`ðŸ‘€ [${testName}] Element became visible: ${locator}`);
      123 | }
      124 |
        at waitForVisible (C:\Users\walte\playwright-ocr\tests\utils.js:121:17)
        at C:\Users\walte\playwright-ocr\tests\profile.spec.js:46:23

    attachment #1: screenshot (image/png) â”€â”€â”€â”€â”€â”€â”€â”€â”€â”€â”€â”€â”€â”€â”€â”€â”€â”€â”€â”€â”€â”€â”€â”€â”€â”€â”€â”€â”€â”€â”€â”€â”€â”€â”€â”€â”€â”€â”€â”€â”€â”€â”€â”€â”€â”€â”€â”€â”€â”€â”€â”€â”€â”€â”€â”€â”€â”€
    ..\test-results\profile-Profile-navigation-edit-reset-and-logout-flow-chromium-retry1\test-failed-1.png
    â”€â”€â”€â”€â”€â”€â”€â”€â”€â”€â”€â”€â”€â”€â”€â”€â”€â”€â”€â”€â”€â”€â”€â”€â”€â”€â”€â”€â”€â”€â”€â”€â”€â”€â”€â”€â”€â”€â”€â”€â”€â”€â”€â”€â”€â”€â”€â”€â”€â”€â”€â”€â”€â”€â”€â”€â”€â”€â”€â”€â”€â”€â”€â”€â”€â”€â”€â”€â”€â”€â”€â”€â”€â”€â”€â”€â”€â”€â”€â”€â”€â”€â”€â”€â”€â”€â”€â”€â”€â”€â”€â”€â”€â”€â”€â”€

    attachment #2: video (video/webm) â”€â”€â”€â”€â”€â”€â”€â”€â”€â”€â”€â”€â”€â”€â”€â”€â”€â”€â”€â”€â”€â”€â”€â”€â”€â”€â”€â”€â”€â”€â”€â”€â”€â”€â”€â”€â”€â”€â”€â”€â”€â”€â”€â”€â”€â”€â”€â”€â”€â”€â”€â”€â”€â”€â”€â”€â”€â”€â”€â”€â”€â”€
    ..\test-results\profile-Profile-navigation-edit-reset-and-logout-flow-chromium-retry1\video.webm
    â”€â”€â”€â”€â”€â”€â”€â”€â”€â”€â”€â”€â”€â”€â”€â”€â”€â”€â”€â”€â”€â”€â”€â”€â”€â”€â”€â”€â”€â”€â”€â”€â”€â”€â”€â”€â”€â”€â”€â”€â”€â”€â”€â”€â”€â”€â”€â”€â”€â”€â”€â”€â”€â”€â”€â”€â”€â”€â”€â”€â”€â”€â”€â”€â”€â”€â”€â”€â”€â”€â”€â”€â”€â”€â”€â”€â”€â”€â”€â”€â”€â”€â”€â”€â”€â”€â”€â”€â”€â”€â”€â”€â”€â”€â”€â”€

    Error Context: ..\test-results\profile-Profile-navigation-edit-reset-and-logout-flow-chromium-retry1\error-context.md

    attachment #4: trace (application/zip) â”€â”€â”€â”€â”€â”€â”€â”€â”€â”€â”€â”€â”€â”€â”€â”€â”€â”€â”€â”€â”€â”€â”€â”€â”€â”€â”€â”€â”€â”€â”€â”€â”€â”€â”€â”€â”€â”€â”€â”€â”€â”€â”€â”€â”€â”€â”€â”€â”€â”€â”€â”€â”€â”€â”€â”€â”€
    ..\test-results\profile-Profile-navigation-edit-reset-and-logout-flow-chromium-retry1\trace.zip
    Usage:

        npx playwright show-trace ..\test-results\profile-Profile-navigation-edit-reset-and-logout-flow-chromium-retry1\trace.zip

    â”€â”€â”€â”€â”€â”€â”€â”€â”€â”€â”€â”€â”€â”€â”€â”€â”€â”€â”€â”€â”€â”€â”€â”€â”€â”€â”€â”€â”€â”€â”€â”€â”€â”€â”€â”€â”€â”€â”€â”€â”€â”€â”€â”€â”€â”€â”€â”€â”€â”€â”€â”€â”€â”€â”€â”€â”€â”€â”€â”€â”€â”€â”€â”€â”€â”€â”€â”€â”€â”€â”€â”€â”€â”€â”€â”€â”€â”€â”€â”€â”€â”€â”€â”€â”€â”€â”€â”€â”€â”€â”€â”€â”€â”€â”€â”€
]]>
</failure>
<system-out>
<![CDATA[ðŸ§­ [] Navigating to login page...
ðŸ§­ [] Logging in as Reviewer...
ðŸ“§ Typing email...
ðŸ”’ Typing password...
ðŸš€ Clicking Sign In...
ðŸ§­ [] Waiting for successful login confirmation...
ðŸ§­ [] Opening profile dropdown...
ðŸ§­ [] Navigating to "Your Profile"...
âœ… [] Page loaded and text "Your Profile" is visible.
ðŸ§­ [] Updating profile information...
ðŸ§­ [] Updating password fields...
ðŸ§­ [] Verifying account role and last login...

[[ATTACHMENT|..\..\test-results\profile-Profile-navigation-edit-reset-and-logout-flow-chromium\test-failed-1.png]]

[[ATTACHMENT|..\..\test-results\profile-Profile-navigation-edit-reset-and-logout-flow-chromium\video.webm]]

[[ATTACHMENT|..\..\test-results\profile-Profile-navigation-edit-reset-and-logout-flow-chromium\error-context.md]]

[[ATTACHMENT|..\..\test-results\profile-Profile-navigation-edit-reset-and-logout-flow-chromium\trace.zip]]
ðŸ§­ [] Navigating to login page...
ðŸ§­ [] Logging in as Reviewer...
ðŸ“§ Typing email...
ðŸ”’ Typing password...
ðŸš€ Clicking Sign In...
ðŸ§­ [] Waiting for successful login confirmation...
ðŸ§­ [] Opening profile dropdown...
ðŸ§­ [] Navigating to "Your Profile"...
âœ… [] Page loaded and text "Your Profile" is visible.
ðŸ§­ [] Updating profile information...
ðŸ§­ [] Updating password fields...
ðŸ§­ [] Verifying account role and last login...

[[ATTACHMENT|..\..\test-results\profile-Profile-navigation-edit-reset-and-logout-flow-chromium-retry1\test-failed-1.png]]

[[ATTACHMENT|..\..\test-results\profile-Profile-navigation-edit-reset-and-logout-flow-chromium-retry1\video.webm]]

[[ATTACHMENT|..\..\test-results\profile-Profile-navigation-edit-reset-and-logout-flow-chromium-retry1\error-context.md]]

[[ATTACHMENT|..\..\test-results\profile-Profile-navigation-edit-reset-and-logout-flow-chromium-retry1\trace.zip]]
]]>
</system-out>
</testcase>
</testsuite>
</testsuites>