<testsuites id="" name="" tests="1" failures="1" skipped="0" errors="0" time="41.524620999999996">
<testsuite name="user.spec.js" timestamp="2025-11-05T10:01:44.188Z" hostname="chromium" tests="1" failures="1" skipped="0" time="31.581" errors="0">
<testcase name="Full user workflow: create, filter, edit, and delete users" classname="user.spec.js" time="31.581">
<failure message="user.spec.js:3:5 Full user workflow: create, filter, edit, and delete users" type="FAILURE">
<![CDATA[  [chromium] › user.spec.js:3:5 › Full user workflow: create, filter, edit, and delete users ───────

    Error: expect(locator).toBeVisible() failed

    Locator: locator('xpath=(//*[name()=\'svg\'][@class=\'h-5 w-5 text-gray-400\'])[2]')
    Expected: visible
    Timeout: 5000ms
    Error: element(s) not found

    Call log:
      - Expect "toBeVisible" with timeout 5000ms
      - waiting for locator('xpath=(//*[name()=\'svg\'][@class=\'h-5 w-5 text-gray-400\'])[2]')


      78 |   console.log("👁️ Checking password visibility toggle...");
      79 |   const visibilityIcon = page.locator("(//*[name()='svg'][@class='h-5 w-5 text-gray-400'])[2]");
    > 80 |   await expect(visibilityIcon).toBeVisible({ timeout: 5000 });
         |                                ^
      81 |   console.log("✅ Eye icon is visible.");
      82 |   await visibilityIcon.click();
      83 |   await page.waitForTimeout(1000);
        at C:\Users\walte\playwright-ocr\tests\user.spec.js:80:32

    attachment #1: screenshot (image/png) ──────────────────────────────────────────────────────────
    ..\test-results\user-Full-user-workflow-create-filter-edit-and-delete-users-chromium\test-failed-1.png
    ────────────────────────────────────────────────────────────────────────────────────────────────

    attachment #2: video (video/webm) ──────────────────────────────────────────────────────────────
    ..\test-results\user-Full-user-workflow-create-filter-edit-and-delete-users-chromium\video.webm
    ────────────────────────────────────────────────────────────────────────────────────────────────

    Error Context: ..\test-results\user-Full-user-workflow-create-filter-edit-and-delete-users-chromium\error-context.md

    attachment #4: trace (application/zip) ─────────────────────────────────────────────────────────
    ..\test-results\user-Full-user-workflow-create-filter-edit-and-delete-users-chromium\trace.zip
    Usage:

        npx playwright show-trace ..\test-results\user-Full-user-workflow-create-filter-edit-and-delete-users-chromium\trace.zip

    ────────────────────────────────────────────────────────────────────────────────────────────────

    Retry #1 ───────────────────────────────────────────────────────────────────────────────────────

    Error: page.goto: net::ERR_ABORTED; maybe frame was detached?
    Call log:
      - navigating to "https://ocr.techsavanna.technology/login", waiting until "load"


       6 |   // === LOGIN ===
       7 |   console.log("🌐 Navigating to login page...");
    >  8 |   await page.goto('https://ocr.techsavanna.technology/login');
         |              ^
       9 |   await page.waitForLoadState('domcontentloaded');
      10 |
      11 |   console.log("📧 Typing email slowly...");
        at C:\Users\walte\playwright-ocr\tests\user.spec.js:8:14

    attachment #1: video (video/webm) ──────────────────────────────────────────────────────────────
    ..\test-results\user-Full-user-workflow-create-filter-edit-and-delete-users-chromium-retry1\video.webm
    ────────────────────────────────────────────────────────────────────────────────────────────────

    attachment #2: trace (application/zip) ─────────────────────────────────────────────────────────
    ..\test-results\user-Full-user-workflow-create-filter-edit-and-delete-users-chromium-retry1\trace.zip
    Usage:

        npx playwright show-trace ..\test-results\user-Full-user-workflow-create-filter-edit-and-delete-users-chromium-retry1\trace.zip

    ────────────────────────────────────────────────────────────────────────────────────────────────
]]>
</failure>
<system-out>
<![CDATA[🌐 Navigating to login page...
📧 Typing email slowly...
🔒 Typing password slowly...
🖱 Clicking Sign In button...
⏳ Waiting for success message...
👥 Navigating to 'Users' tab...
✅ Users page loaded successfully!
➕ Clicking 'Add User' button...
✅ Navigated to 'Create New User' form.
📝 Filling new user details...
👁️ Checking password visibility toggle...

[[ATTACHMENT|..\..\test-results\user-Full-user-workflow-create-filter-edit-and-delete-users-chromium\test-failed-1.png]]

[[ATTACHMENT|..\..\test-results\user-Full-user-workflow-create-filter-edit-and-delete-users-chromium\video.webm]]

[[ATTACHMENT|..\..\test-results\user-Full-user-workflow-create-filter-edit-and-delete-users-chromium\error-context.md]]

[[ATTACHMENT|..\..\test-results\user-Full-user-workflow-create-filter-edit-and-delete-users-chromium\trace.zip]]
🌐 Navigating to login page...

[[ATTACHMENT|..\..\test-results\user-Full-user-workflow-create-filter-edit-and-delete-users-chromium-retry1\video.webm]]

[[ATTACHMENT|..\..\test-results\user-Full-user-workflow-create-filter-edit-and-delete-users-chromium-retry1\trace.zip]]
]]>
</system-out>
</testcase>
</testsuite>
</testsuites>