<testsuites id="" name="" tests="1" failures="0" skipped="0" errors="0" time="40.190961">
<testsuite name="documents.spec.js" timestamp="2025-11-07T10:07:52.537Z" hostname="chromium" tests="1" failures="0" skipped="0" time="36.862" errors="0">
<testcase name="Full Document Workflow: upload, search, filter, view, download, delete" classname="documents.spec.js" time="36.862">
<system-out>
<![CDATA[🌍 Navigating to login page...
🔐 Logging in...
✅ Login successful — redirecting to Documents page...
📂 Opening 'Documents' tab...
✅ Documents page loaded.
📤 Clicking 'Upload Documents'...
✅ Upload page opened successfully!
📎 Selecting file to upload...
✅ File selected successfully!
🚀 Submitting file upload...
⚠️ Upload button not visible, skipping click.
🔄 Returned to Documents list.
🔍 Searching for uploaded document...
✅ Search completed.
🧹 Clearing search field...
⚙️ Opening Filters...
✅ Applying 'Completed' status filter...
✅ Applying 'Business Permit' type filter...
🧹 Clearing all filters...
📅 Setting Upload Date Range...
📊 Setting Confidence Score Range...
✅ Filters configured successfully.
⬆️ Collapsing Filters panel...
⚠️ Could not collapse filters.

📁 Handling first document entry...
👁 Viewing first document...
⚠️ View icon not visible.
⬇️ Downloading document...
⚠️ Download icon not found.
🗑 Attempting to delete document...
⚠️ Delete button not found.

🎯 Full document workflow completed successfully!
]]>
</system-out>
</testcase>
</testsuite>
</testsuites>