<testsuites id="" name="" tests="1" failures="1" skipped="0" errors="0" time="25.768693">
<testsuite name="valid-login.spec.js" timestamp="2025-11-07T08:46:13.792Z" hostname="chromium" tests="1" failures="1" skipped="0" time="18.36" errors="0">
<testcase name="Verify valid login with visible typing and success message" classname="valid-login.spec.js" time="18.36">
<failure message="valid-login.spec.js:5:5 Verify valid login with visible typing and success message" type="FAILURE">
<![CDATA[  [chromium] › valid-login.spec.js:5:5 › Verify valid login with visible typing and success message 

    Error: expect(locator).toBeVisible() failed

    Locator: getByText(/Login successful/i)
    Expected: visible
    Timeout: 10000ms
    Error: element(s) not found

    Call log:
      - Expect "toBeVisible" with timeout 10000ms
      - waiting for getByText(/Login successful/i)


      22 |
      23 |   console.log("Waiting for success message...");
    > 24 |   await expect(page.getByText(/Login successful/i)).toBeVisible();
         |                                                     ^
      25 |
      26 |
      27 |   // Wait up to 10 seconds for the message to appear
        at C:\Users\walte\playwright-ocr\tests\valid-login.spec.js:24:53

    attachment #1: screenshot (image/png) ──────────────────────────────────────────────────────────
    ..\test-results\valid-login-Verify-valid-l-1a359--typing-and-success-message-chromium\test-failed-1.png
    ────────────────────────────────────────────────────────────────────────────────────────────────

    attachment #2: video (video/webm) ──────────────────────────────────────────────────────────────
    ..\test-results\valid-login-Verify-valid-l-1a359--typing-and-success-message-chromium\video.webm
    ────────────────────────────────────────────────────────────────────────────────────────────────

    Error Context: ..\test-results\valid-login-Verify-valid-l-1a359--typing-and-success-message-chromium\error-context.md

    attachment #4: trace (application/zip) ─────────────────────────────────────────────────────────
    ..\test-results\valid-login-Verify-valid-l-1a359--typing-and-success-message-chromium\trace.zip
    Usage:

        npx playwright show-trace ..\test-results\valid-login-Verify-valid-l-1a359--typing-and-success-message-chromium\trace.zip

    ────────────────────────────────────────────────────────────────────────────────────────────────

    Retry #1 ───────────────────────────────────────────────────────────────────────────────────────

    Error: page.goto: Target page, context or browser has been closed
    Call log:
      - navigating to "https://ocr.techsavanna.technology/login", waiting until "load"


       7 |
       8 |   console.log(" Navigating to login page...");
    >  9 |   await page.goto('https://ocr.techsavanna.technology/login');
         |              ^
      10 |   await page.waitForLoadState('domcontentloaded');
      11 |
      12 |   console.log("📧 Typing email...");
        at C:\Users\walte\playwright-ocr\tests\valid-login.spec.js:9:14

    attachment #1: video (video/webm) ──────────────────────────────────────────────────────────────
    ..\test-results\valid-login-Verify-valid-l-1a359--typing-and-success-message-chromium-retry1\video.webm
    ────────────────────────────────────────────────────────────────────────────────────────────────

    attachment #2: trace (application/zip) ─────────────────────────────────────────────────────────
    ..\test-results\valid-login-Verify-valid-l-1a359--typing-and-success-message-chromium-retry1\trace.zip
    Usage:

        npx playwright show-trace ..\test-results\valid-login-Verify-valid-l-1a359--typing-and-success-message-chromium-retry1\trace.zip

    ────────────────────────────────────────────────────────────────────────────────────────────────
]]>
</failure>
<system-out>
<![CDATA[ Navigating to login page...
📧 Typing email...
🔒 Typing password...
Clicking Sign In...
Waiting for success message...

[[ATTACHMENT|..\..\test-results\valid-login-Verify-valid-l-1a359--typing-and-success-message-chromium\test-failed-1.png]]

[[ATTACHMENT|..\..\test-results\valid-login-Verify-valid-l-1a359--typing-and-success-message-chromium\video.webm]]

[[ATTACHMENT|..\..\test-results\valid-login-Verify-valid-l-1a359--typing-and-success-message-chromium\error-context.md]]

[[ATTACHMENT|..\..\test-results\valid-login-Verify-valid-l-1a359--typing-and-success-message-chromium\trace.zip]]
 Navigating to login page...

[[ATTACHMENT|..\..\test-results\valid-login-Verify-valid-l-1a359--typing-and-success-message-chromium-retry1\video.webm]]

[[ATTACHMENT|..\..\test-results\valid-login-Verify-valid-l-1a359--typing-and-success-message-chromium-retry1\trace.zip]]
]]>
</system-out>
</testcase>
</testsuite>
</testsuites>