<testsuites id="" name="" tests="1" failures="0" skipped="0" errors="0" time="18.810567000000002">
<testsuite name="valid-login.spec.js" timestamp="2025-11-04T20:17:56.903Z" hostname="chromium" tests="1" failures="0" skipped="0" time="10.761" errors="0">
<testcase name="Verify valid login with visible typing and success message" classname="valid-login.spec.js" time="10.761">
<system-out>
<![CDATA[ Navigating to login page...
📧 Typing email slowly...
🔒 Typing password slowly...
Clicking Sign In button...
Waiting for success message...
Login test passed!
]]>
</system-out>
</testcase>
</testsuite>
</testsuites>