<testsuites id="" name="" tests="1" failures="0" skipped="0" errors="0" time="19.045748">
<testsuite name="logout.spec.js" timestamp="2025-11-08T07:31:45.733Z" hostname="chromium" tests="1" failures="0" skipped="0" time="16.079" errors="0">
<testcase name="🔐 Full login and logout flow with visible typing" classname="logout.spec.js" time="16.079">
<system-out>
<![CDATA[🧭 🌐 Navigating to OCR Login Page...
🧭 📧 Typing email...
🧭 🔒 Typing password...
🧭 🧩 Clicking Sign In button...
🧭 ⏳ Waiting for dashboard or success message...
🧭 ✅ Login successful! Dashboard loaded.
🧭 👤 Opening profile dropdown...
🧭 🚪 Clicking 'Sign out'...
🧭 ⏳ Waiting for login page to reappear...
🧭 ✅ Successfully logged out! 🎉
]]>
</system-out>
</testcase>
</testsuite>
</testsuites>