<testsuites id="" name="" tests="1" failures="0" skipped="0" errors="0" time="17.237561">
<testsuite name="valid-login.spec.js" timestamp="2025-11-05T00:02:02.191Z" hostname="chromium" tests="1" failures="0" skipped="0" time="11.76" errors="0">
<testcase name="Verify valid login with visible typing and success message" classname="valid-login.spec.js" time="11.76">
<system-out>
<![CDATA[ Navigating to login page...
📧 Typing email slowly...
🔒 Typing password slowly...
Clicking Sign In button...
Waiting for success message...
Login test passed!
]]>
</system-out>
</testcase>
</testsuite>
</testsuites>